c880
#PI: 60
#PO: 26
#Nodes: 864
#Gates: 383
0 0
1 0
2 0
3 0
4 0
5 0
6 0
7 0
8 0
9 0
10 0
11 0
12 0
13 0
14 0
15 0
16 0
17 0
18 0
19 0
20 0
21 0
22 0
23 0
24 0
25 0
26 0
27 0
28 0
29 0
30 0
31 0
32 0
33 0
34 0
35 0
36 0
37 0
38 0
39 0
40 0
41 0
42 0
43 0
44 0
45 0
46 0
47 0
48 0
49 0
50 0
51 0
52 0
53 0
54 0
55 0
56 0
57 0
58 0
59 0
60 3
61 3
62 3
63 2
64 4
65 5
66 4
67 4
68 4
69 4
70 6
71 6
72 6
73 6
74 5
75 15
76 15
77 25
78 28
79 28
80 28
81 30
82 31
83 34
84 34
85 34
86 2
87 2
88 2
89 2
90 2
91 2
92 2
93 2
94 2
95 2
96 2
97 2
98 2
99 2
100 2
101 2
102 2
103 1
104 1
105 2
106 2
107 2
108 2
109 2
110 2
111 2
112 2
113 2
114 1
115 2
116 2
117 2
118 2
119 2
120 2
121 2
122 2
123 2
124 2
125 2
126 2
127 2
128 2
129 2
130 2
131 2
132 2
133 2
134 2
135 2
136 2
137 2
138 2
139 3
140 4
141 4
142 4
143 4
144 3
145 4
146 4
147 4
148 3
149 3
150 3
151 3
152 3
153 3
154 3
155 3
156 3
157 3
158 3
159 3
160 3
161 3
162 3
163 3
164 5
165 5
166 5
167 5
168 5
169 5
170 4
171 5
172 5
173 5
174 5
175 5
176 5
177 4
178 5
179 5
180 5
181 5
182 5
183 5
184 5
185 6
186 6
187 6
188 7
189 7
190 7
191 7
192 7
193 6
194 6
195 7
196 7
197 7
198 8
199 9
200 9
201 9
202 9
203 9
204 9
205 9
206 9
207 8
208 9
209 9
210 9
211 9
212 7
213 7
214 9
215 9
216 9
217 9
218 10
219 10
220 10
221 10
222 10
223 10
224 10
225 10
226 10
227 10
228 10
229 10
230 10
231 10
232 10
233 10
234 9
235 9
236 9
237 9
238 9
239 9
240 9
241 9
242 9
243 9
244 9
245 9
246 10
247 10
248 11
249 11
250 11
251 11
252 11
253 11
254 11
255 11
256 10
257 10
258 12
259 12
260 12
261 12
262 12
263 12
264 12
265 12
266 12
267 12
268 12
269 12
270 12
271 12
272 13
273 13
274 14
275 14
276 14
277 14
278 14
279 14
280 14
281 14
282 14
283 14
284 14
285 14
286 14
287 14
288 14
289 14
290 14
291 14
292 14
293 14
294 14
295 14
296 14
297 14
298 14
299 14
300 16
301 16
302 15
303 16
304 16
305 15
306 16
307 16
308 15
309 16
310 16
311 15
312 16
313 16
314 15
315 16
316 16
317 15
318 16
319 16
320 15
321 16
322 16
323 15
324 16
325 16
326 16
327 18
328 18
329 18
330 18
331 18
332 18
333 18
334 18
335 18
336 18
337 18
338 18
339 18
340 18
341 18
342 18
343 18
344 18
345 18
346 18
347 18
348 18
349 18
350 18
351 18
352 18
353 18
354 18
355 18
356 18
357 18
358 18
359 19
360 19
361 19
362 19
363 19
364 19
365 19
366 19
367 19
368 19
369 19
370 19
371 21
372 21
373 21
374 21
375 21
376 21
377 20
378 21
379 22
380 22
381 22
382 22
383 21
384 24
385 24
386 23
387 23
388 23
389 22
390 24
391 24
392 24
393 25
394 25
395 25
396 25
397 24
398 24
399 24
400 23
401 27
402 27
403 27
404 27
405 27
406 27
407 26
408 25
409 25
410 25
411 24
412 27
413 28
414 28
415 28
416 27
417 26
418 26
419 26
420 28
421 29
422 29
423 29
424 28
425 27
426 27
427 27
428 29
429 30
430 30
431 30
432 29
433 31
434 31
435 31
436 30
437 32
438 32
439 32
440 33
441 33
442 33
443 1
444 1
445 1
446 1
447 1
448 1
449 1
450 1
451 1
452 1
453 1
454 1
455 1
456 1
457 1
458 1
459 1
460 1
461 1
462 1
463 1
464 1
465 1
466 1
467 1
468 1
469 1
470 1
471 1
472 1
473 1
474 1
475 1
476 1
477 1
478 1
479 1
480 1
481 1
482 1
483 1
484 1
485 1
486 1
487 1
488 1
489 1
490 1
491 1
492 1
493 1
494 1
495 1
496 1
497 1
498 1
499 1
500 1
501 1
502 1
503 1
504 1
505 1
506 1
507 1
508 1
509 1
510 1
511 1
512 1
513 1
514 1
515 1
516 1
517 1
518 1
519 1
520 1
521 1
522 1
523 1
524 1
525 1
526 1
527 1
528 1
529 1
530 1
531 1
532 1
533 1
534 1
535 1
536 1
537 1
538 1
539 1
540 1
541 1
542 1
543 1
544 1
545 1
546 1
547 1
548 1
549 1
550 1
551 1
552 1
553 1
554 1
555 1
556 1
557 1
558 1
559 1
560 1
561 1
562 1
563 1
564 1
565 1
566 1
567 1
568 1
569 1
570 1
571 1
572 1
573 1
574 1
575 1
576 1
577 1
578 1
579 1
580 1
581 1
582 1
583 1
584 1
585 1
586 1
587 1
588 1
589 1
590 1
591 1
592 1
593 1
594 1
595 1
596 1
597 1
598 1
599 1
600 1
601 1
602 1
603 1
604 1
605 1
606 1
607 1
608 1
609 1
610 1
611 1
612 1
613 1
614 1
615 1
616 1
617 1
618 1
619 1
620 1
621 1
622 1
623 1
624 1
625 1
626 1
627 1
628 1
629 1
630 1
631 1
632 1
633 1
634 1
635 3
636 3
637 3
638 3
639 3
640 3
641 3
642 3
643 3
644 3
645 3
646 2
647 2
648 2
649 2
650 2
651 2
652 2
653 3
654 3
655 4
656 4
657 4
658 4
659 4
660 4
661 4
662 4
663 4
664 4
665 4
666 4
667 4
668 4
669 4
670 4
671 4
672 4
673 4
674 4
675 4
676 6
677 6
678 6
679 6
680 6
681 8
682 8
683 8
684 8
685 8
686 8
687 8
688 8
689 8
690 8
691 8
692 8
693 8
694 8
695 8
696 8
697 8
698 8
699 8
700 8
701 8
702 8
703 8
704 8
705 9
706 9
707 9
708 9
709 9
710 9
711 9
712 9
713 9
714 9
715 9
716 9
717 8
718 8
719 8
720 8
721 11
722 11
723 11
724 11
725 11
726 11
727 11
728 11
729 13
730 13
731 13
732 13
733 13
734 13
735 13
736 13
737 13
738 13
739 13
740 13
741 13
742 13
743 13
744 13
745 13
746 13
747 13
748 13
749 13
750 13
751 13
752 13
753 15
754 15
755 15
756 15
757 15
758 15
759 15
760 15
761 15
762 15
763 15
764 15
765 15
766 15
767 15
768 15
769 15
770 15
771 15
772 15
773 15
774 15
775 15
776 15
777 15
778 15
779 15
780 15
781 15
782 15
783 15
784 15
785 15
786 15
787 15
788 15
789 15
790 15
791 15
792 15
793 15
794 15
795 15
796 15
797 15
798 15
799 17
800 17
801 17
802 17
803 17
804 17
805 17
806 17
807 17
808 17
809 17
810 17
811 17
812 17
813 17
814 17
815 17
816 17
817 17
818 17
819 17
820 17
821 17
822 17
823 17
824 17
825 17
826 17
827 17
828 17
829 17
830 17
831 17
832 17
833 17
834 17
835 17
836 17
837 17
838 17
839 17
840 17
841 17
842 17
843 17
844 17
845 20
846 20
847 20
848 20
849 20
850 20
851 20
852 23
853 23
854 23
855 23
856 23
857 26
858 26
859 26
860 26
861 26
862 26
863 26
