c1355
#PI: 41
#PO: 32
#Nodes: 1355
#Gates: 546
0 0
1 0
2 0
3 0
4 0
5 0
6 0
7 0
8 0
9 0
10 0
11 0
12 0
13 0
14 0
15 0
16 0
17 0
18 0
19 0
20 0
21 0
22 0
23 0
24 0
25 0
26 0
27 0
28 0
29 0
30 0
31 0
32 0
33 0
34 0
35 0
36 0
37 0
38 0
39 0
40 0
41 39
42 39
43 39
44 39
45 39
46 39
47 39
48 39
49 39
50 39
51 39
52 39
53 39
54 39
55 39
56 39
57 39
58 39
59 39
60 39
61 39
62 39
63 39
64 39
65 39
66 39
67 39
68 39
69 39
70 39
71 39
72 39
73 2
74 2
75 2
76 2
77 2
78 2
79 2
80 2
81 2
82 2
83 2
84 2
85 2
86 2
87 2
88 2
89 2
90 2
91 2
92 2
93 2
94 2
95 2
96 2
97 2
98 2
99 2
100 2
101 2
102 2
103 2
104 2
105 2
106 2
107 2
108 2
109 2
110 2
111 2
112 2
113 4
114 4
115 4
116 4
117 4
118 4
119 4
120 4
121 4
122 4
123 4
124 4
125 4
126 4
127 4
128 4
129 4
130 4
131 4
132 4
133 4
134 4
135 4
136 4
137 4
138 4
139 4
140 4
141 4
142 4
143 4
144 4
145 4
146 4
147 4
148 4
149 4
150 4
151 4
152 4
153 4
154 4
155 4
156 4
157 4
158 4
159 4
160 4
161 4
162 4
163 4
164 4
165 4
166 4
167 4
168 4
169 4
170 4
171 4
172 4
173 4
174 4
175 4
176 4
177 5
178 5
179 5
180 5
181 5
182 5
183 5
184 5
185 5
186 5
187 5
188 5
189 5
190 5
191 5
192 5
193 5
194 5
195 5
196 5
197 5
198 5
199 5
200 5
201 5
202 5
203 5
204 5
205 5
206 5
207 5
208 5
209 7
210 7
211 7
212 7
213 7
214 7
215 7
216 7
217 7
218 7
219 7
220 7
221 7
222 7
223 7
224 7
225 9
226 9
227 9
228 9
229 9
230 9
231 9
232 9
233 9
234 9
235 9
236 9
237 9
238 9
239 9
240 9
241 9
242 9
243 9
244 9
245 9
246 9
247 9
248 9
249 9
250 9
251 9
252 9
253 9
254 9
255 9
256 9
257 10
258 10
259 10
260 10
261 10
262 10
263 10
264 10
265 10
266 10
267 10
268 10
269 10
270 10
271 10
272 10
273 12
274 12
275 12
276 12
277 12
278 12
279 12
280 12
281 14
282 14
283 14
284 14
285 14
286 14
287 14
288 14
289 14
290 14
291 14
292 14
293 14
294 14
295 14
296 14
297 15
298 15
299 15
300 15
301 15
302 15
303 15
304 15
305 17
306 17
307 17
308 17
309 17
310 17
311 17
312 17
313 19
314 19
315 19
316 19
317 19
318 19
319 19
320 19
321 19
322 19
323 19
324 19
325 19
326 19
327 19
328 19
329 20
330 20
331 20
332 20
333 20
334 20
335 20
336 20
337 22
338 22
339 22
340 22
341 22
342 22
343 22
344 22
345 24
346 24
347 24
348 24
349 24
350 24
351 24
352 24
353 24
354 24
355 24
356 24
357 24
358 24
359 24
360 24
361 25
362 25
363 25
364 25
365 25
366 25
367 25
368 25
369 27
370 27
371 27
372 27
373 27
374 27
375 27
376 27
377 27
378 27
379 27
380 27
381 27
382 27
383 27
384 27
385 27
386 27
387 27
388 27
389 27
390 27
391 27
392 27
393 27
394 27
395 27
396 27
397 27
398 27
399 27
400 27
401 27
402 27
403 27
404 27
405 27
406 27
407 27
408 27
409 28
410 28
411 28
412 28
413 28
414 28
415 28
416 28
417 29
418 29
419 31
420 31
421 31
422 31
423 31
424 31
425 31
426 31
427 33
428 33
429 33
430 33
431 33
432 33
433 33
434 33
435 33
436 33
437 33
438 33
439 33
440 33
441 33
442 33
443 33
444 33
445 33
446 33
447 33
448 33
449 33
450 33
451 33
452 33
453 33
454 33
455 33
456 33
457 33
458 33
459 35
460 35
461 35
462 35
463 35
464 35
465 35
466 35
467 35
468 35
469 35
470 35
471 35
472 35
473 35
474 35
475 35
476 35
477 35
478 35
479 35
480 35
481 35
482 35
483 35
484 35
485 35
486 35
487 35
488 35
489 35
490 35
491 37
492 37
493 37
494 37
495 37
496 37
497 37
498 37
499 37
500 37
501 37
502 37
503 37
504 37
505 37
506 37
507 37
508 37
509 37
510 37
511 37
512 37
513 37
514 37
515 37
516 37
517 37
518 37
519 37
520 37
521 37
522 37
523 37
524 37
525 37
526 37
527 37
528 37
529 37
530 37
531 37
532 37
533 37
534 37
535 37
536 37
537 37
538 37
539 37
540 37
541 37
542 37
543 37
544 37
545 37
546 37
547 37
548 37
549 37
550 37
551 37
552 37
553 37
554 37
555 38
556 38
557 38
558 38
559 38
560 38
561 38
562 38
563 38
564 38
565 38
566 38
567 38
568 38
569 38
570 38
571 38
572 38
573 38
574 38
575 38
576 38
577 38
578 38
579 38
580 38
581 38
582 38
583 38
584 38
585 38
586 38
587 1
588 1
589 1
590 1
591 1
592 1
593 1
594 1
595 1
596 1
597 1
598 1
599 1
600 1
601 1
602 1
603 1
604 1
605 1
606 1
607 1
608 1
609 1
610 1
611 1
612 1
613 1
614 1
615 1
616 1
617 1
618 1
619 1
620 1
621 1
622 1
623 1
624 1
625 1
626 1
627 1
628 1
629 1
630 1
631 1
632 1
633 1
634 1
635 1
636 1
637 1
638 1
639 1
640 1
641 1
642 1
643 1
644 1
645 1
646 1
647 1
648 1
649 1
650 1
651 1
652 1
653 1
654 1
655 1
656 1
657 1
658 1
659 1
660 1
661 1
662 1
663 1
664 1
665 1
666 1
667 1
668 1
669 1
670 1
671 1
672 1
673 1
674 1
675 1
676 1
677 1
678 1
679 1
680 1
681 1
682 1
683 1
684 1
685 1
686 1
687 1
688 1
689 1
690 1
691 1
692 1
693 1
694 1
695 1
696 1
697 1
698 1
699 1
700 1
701 1
702 1
703 1
704 1
705 1
706 1
707 1
708 1
709 1
710 1
711 1
712 1
713 1
714 1
715 1
716 1
717 1
718 1
719 1
720 1
721 1
722 1
723 1
724 1
725 1
726 1
727 1
728 1
729 1
730 1
731 1
732 1
733 1
734 1
735 1
736 1
737 1
738 1
739 1
740 1
741 1
742 1
743 1
744 1
745 1
746 1
747 1
748 1
749 1
750 1
751 1
752 1
753 1
754 1
755 1
756 1
757 1
758 1
759 1
760 1
761 1
762 1
763 1
764 1
765 1
766 1
767 1
768 1
769 1
770 1
771 1
772 1
773 1
774 1
775 1
776 1
777 1
778 1
779 1
780 1
781 1
782 1
783 1
784 1
785 1
786 1
787 3
788 3
789 3
790 3
791 3
792 3
793 3
794 3
795 3
796 3
797 3
798 3
799 3
800 3
801 3
802 3
803 3
804 3
805 3
806 3
807 3
808 3
809 3
810 3
811 3
812 3
813 3
814 3
815 3
816 3
817 3
818 3
819 3
820 3
821 3
822 3
823 3
824 3
825 3
826 3
827 3
828 3
829 3
830 3
831 3
832 3
833 3
834 3
835 3
836 3
837 3
838 3
839 3
840 3
841 3
842 3
843 3
844 3
845 3
846 3
847 3
848 3
849 3
850 3
851 3
852 3
853 3
854 3
855 3
856 3
857 3
858 3
859 3
860 3
861 3
862 3
863 3
864 3
865 3
866 3
867 6
868 6
869 6
870 6
871 6
872 6
873 6
874 6
875 6
876 6
877 6
878 6
879 6
880 6
881 6
882 6
883 6
884 6
885 6
886 6
887 6
888 6
889 6
890 6
891 6
892 6
893 6
894 6
895 6
896 6
897 6
898 6
899 6
900 6
901 6
902 6
903 6
904 6
905 6
906 6
907 6
908 6
909 6
910 6
911 6
912 6
913 6
914 6
915 6
916 6
917 6
918 6
919 6
920 6
921 6
922 6
923 6
924 6
925 6
926 6
927 6
928 6
929 6
930 6
931 8
932 8
933 8
934 8
935 8
936 8
937 8
938 8
939 8
940 8
941 8
942 8
943 8
944 8
945 8
946 8
947 8
948 8
949 8
950 8
951 8
952 8
953 8
954 8
955 8
956 8
957 8
958 8
959 8
960 8
961 8
962 8
963 11
964 11
965 11
966 11
967 11
968 11
969 11
970 11
971 11
972 11
973 11
974 11
975 11
976 11
977 11
978 11
979 11
980 11
981 11
982 11
983 11
984 11
985 11
986 11
987 11
988 11
989 11
990 11
991 11
992 11
993 11
994 11
995 11
996 11
997 11
998 11
999 11
1000 11
1001 11
1002 11
1003 11
1004 11
1005 11
1006 11
1007 11
1008 11
1009 11
1010 11
1011 13
1012 13
1013 13
1014 13
1015 13
1016 13
1017 13
1018 13
1019 13
1020 13
1021 13
1022 13
1023 13
1024 13
1025 13
1026 13
1027 16
1028 16
1029 16
1030 16
1031 16
1032 16
1033 16
1034 16
1035 16
1036 16
1037 16
1038 16
1039 16
1040 16
1041 16
1042 16
1043 18
1044 18
1045 18
1046 18
1047 18
1048 18
1049 18
1050 18
1051 18
1052 18
1053 18
1054 18
1055 18
1056 18
1057 18
1058 18
1059 21
1060 21
1061 21
1062 21
1063 21
1064 21
1065 21
1066 21
1067 21
1068 21
1069 21
1070 21
1071 21
1072 21
1073 21
1074 21
1075 23
1076 23
1077 23
1078 23
1079 23
1080 23
1081 23
1082 23
1083 23
1084 23
1085 23
1086 23
1087 23
1088 23
1089 23
1090 23
1091 26
1092 26
1093 26
1094 26
1095 26
1096 26
1097 26
1098 26
1099 26
1100 26
1101 26
1102 26
1103 26
1104 26
1105 26
1106 26
1107 26
1108 26
1109 26
1110 26
1111 26
1112 26
1113 26
1114 26
1115 26
1116 26
1117 26
1118 26
1119 26
1120 26
1121 26
1122 26
1123 26
1124 26
1125 26
1126 26
1127 26
1128 26
1129 26
1130 26
1131 26
1132 26
1133 26
1134 26
1135 26
1136 26
1137 26
1138 26
1139 26
1140 26
1141 26
1142 26
1143 26
1144 26
1145 26
1146 26
1147 26
1148 26
1149 26
1150 26
1151 26
1152 26
1153 26
1154 26
1155 26
1156 26
1157 26
1158 26
1159 26
1160 26
1161 26
1162 26
1163 26
1164 26
1165 26
1166 26
1167 26
1168 26
1169 26
1170 26
1171 26
1172 26
1173 26
1174 26
1175 26
1176 26
1177 26
1178 26
1179 26
1180 26
1181 26
1182 26
1183 26
1184 26
1185 26
1186 26
1187 30
1188 30
1189 30
1190 30
1191 30
1192 30
1193 30
1194 30
1195 32
1196 32
1197 32
1198 32
1199 32
1200 32
1201 32
1202 32
1203 32
1204 32
1205 32
1206 32
1207 32
1208 32
1209 32
1210 32
1211 32
1212 32
1213 32
1214 32
1215 32
1216 32
1217 32
1218 32
1219 32
1220 32
1221 32
1222 32
1223 32
1224 32
1225 32
1226 32
1227 34
1228 34
1229 34
1230 34
1231 34
1232 34
1233 34
1234 34
1235 34
1236 34
1237 34
1238 34
1239 34
1240 34
1241 34
1242 34
1243 34
1244 34
1245 34
1246 34
1247 34
1248 34
1249 34
1250 34
1251 34
1252 34
1253 34
1254 34
1255 34
1256 34
1257 34
1258 34
1259 34
1260 34
1261 34
1262 34
1263 34
1264 34
1265 34
1266 34
1267 34
1268 34
1269 34
1270 34
1271 34
1272 34
1273 34
1274 34
1275 34
1276 34
1277 34
1278 34
1279 34
1280 34
1281 34
1282 34
1283 34
1284 34
1285 34
1286 34
1287 34
1288 34
1289 34
1290 34
1291 36
1292 36
1293 36
1294 36
1295 36
1296 36
1297 36
1298 36
1299 36
1300 36
1301 36
1302 36
1303 36
1304 36
1305 36
1306 36
1307 36
1308 36
1309 36
1310 36
1311 36
1312 36
1313 36
1314 36
1315 36
1316 36
1317 36
1318 36
1319 36
1320 36
1321 36
1322 36
1323 36
1324 36
1325 36
1326 36
1327 36
1328 36
1329 36
1330 36
1331 36
1332 36
1333 36
1334 36
1335 36
1336 36
1337 36
1338 36
1339 36
1340 36
1341 36
1342 36
1343 36
1344 36
1345 36
1346 36
1347 36
1348 36
1349 36
1350 36
1351 36
1352 36
1353 36
1354 36
