c432
#PI: 36
#PO: 7
#Nodes: 432
#Gates: 160
1 0
2 1
3 1
4 0
5 1
6 1
7 1
8 0
9 1
10 1
11 0
12 1
13 1
14 0
15 1
16 1
17 0
18 1
19 1
20 1
21 0
22 1
23 1
24 0
25 1
26 1
27 0
28 1
29 1
30 0
31 1
32 1
33 1
34 0
35 1
36 1
37 0
38 1
39 1
40 0
41 1
42 1
43 0
44 1
45 1
46 1
47 0
48 1
49 1
50 0
51 1
52 1
53 0
54 1
55 1
56 0
57 1
58 1
59 1
60 0
61 1
62 1
63 0
64 1
65 1
66 0
67 1
68 1
69 0
70 1
71 1
72 1
73 0
74 1
75 1
76 0
77 1
78 1
79 0
80 1
81 1
82 0
83 1
84 1
85 1
86 0
87 1
88 1
89 0
90 1
91 1
92 0
93 1
94 1
95 0
96 1
97 1
98 1
99 0
100 1
101 1
102 0
103 1
104 1
105 0
106 1
107 1
108 0
109 1
110 1
111 1
112 0
113 1
114 1
115 0
116 1
117 1
118 2
119 2
120 3
121 3
122 2
123 2
124 3
125 3
126 2
127 2
128 3
129 3
130 2
131 2
132 3
133 3
134 2
135 2
136 3
137 3
138 2
139 2
140 3
141 3
142 2
143 2
144 3
145 3
146 2
147 2
148 3
149 3
150 2
151 2
152 3
153 3
154 3
155 4
156 4
157 4
158 4
159 3
160 4
161 4
162 3
163 4
164 4
165 3
166 4
167 4
168 3
169 4
170 4
171 3
172 4
173 4
174 3
175 4
176 4
177 3
178 4
179 4
180 3
181 4
182 4
183 4
184 4
185 4
186 4
187 4
188 4
189 4
190 4
191 4
192 4
193 4
194 4
195 4
196 4
197 4
198 4
199 5
200 6
201 6
202 6
203 7
204 8
205 8
206 8
207 8
208 8
209 8
210 8
211 8
212 8
213 7
214 8
215 8
216 8
217 8
218 8
219 8
220 8
221 8
222 8
223 7
224 9
225 10
226 10
227 9
228 10
229 10
230 9
231 10
232 10
233 9
234 10
235 10
236 9
237 10
238 10
239 9
240 10
241 10
242 9
243 9
244 10
245 10
246 9
247 9
248 10
249 10
250 9
251 9
252 10
253 10
254 9
255 9
256 9
257 9
258 9
259 9
260 11
261 12
262 12
263 11
264 11
265 12
266 12
267 11
268 12
269 12
270 11
271 12
272 12
273 11
274 12
275 12
276 11
277 12
278 12
279 11
280 12
281 12
282 11
283 12
284 12
285 11
286 12
287 12
288 11
289 11
290 11
291 11
292 11
293 11
294 11
295 11
296 13
297 14
298 14
299 14
300 12
301 12
302 12
303 12
304 12
305 12
306 12
307 12
308 12
309 15
310 16
311 16
312 16
313 16
314 16
315 16
316 16
317 16
318 16
319 15
320 16
321 16
322 16
323 16
324 16
325 16
326 16
327 16
328 16
329 15
330 17
331 17
332 17
333 17
334 17
335 17
336 17
337 17
338 17
339 17
340 17
341 17
342 17
343 17
344 17
345 17
346 17
347 17
348 18
349 18
350 18
351 18
352 18
353 18
354 18
355 18
356 18
357 19
358 20
359 20
360 21
361 22
362 22
363 22
364 22
365 22
366 22
367 22
368 22
369 22
370 21
371 23
372 23
373 23
374 23
375 23
376 23
377 23
378 23
379 23
380 24
381 24
382 25
383 25
384 25
385 25
386 24
387 25
388 25
389 25
390 25
391 25
392 25
393 24
394 25
395 25
396 25
397 25
398 25
399 24
400 25
401 25
402 25
403 25
404 24
405 25
406 25
407 24
408 25
409 25
410 25
411 24
412 25
413 25
414 24
415 25
416 26
417 26
418 26
419 26
420 26
421 27
422 27
423 28
424 28
425 27
426 28
427 28
428 27
429 27
430 29
431 29
432 29
