c499
#PI: 41
#PO: 32
#Nodes: 499
#Gates: 202
1 0
2 1
3 1
4 1
5 0
6 1
7 1
8 1
9 0
10 1
11 1
12 1
13 0
14 1
15 1
16 1
17 0
18 1
19 1
20 1
21 0
22 1
23 1
24 1
25 0
26 1
27 1
28 1
29 0
30 1
31 1
32 1
33 0
34 1
35 1
36 1
37 0
38 1
39 1
40 1
41 0
42 1
43 1
44 1
554 9
555 9
556 9
45 0
46 1
47 1
48 1
557 9
558 9
559 9
49 0
50 1
51 1
52 1
560 9
561 9
562 9
53 0
54 1
55 1
56 1
563 9
564 9
565 9
57 0
58 1
59 1
60 1
566 9
567 9
568 9
61 0
62 1
63 1
64 1
569 9
570 9
571 9
65 0
66 1
67 1
68 1
572 9
573 9
574 9
69 0
70 1
71 1
72 1
575 9
576 9
577 9
73 0
74 1
75 1
76 1
578 9
579 9
580 9
77 0
78 1
79 1
80 1
581 9
582 9
583 9
81 0
82 1
83 1
84 1
585 9
586 9
587 9
85 0
86 1
87 1
88 1
589 9
590 9
591 9
89 0
90 1
91 1
92 1
593 9
594 10
595 10
93 0
94 1
95 1
96 1
597 10
598 10
599 10
97 0
98 1
99 1
100 1
601 10
602 11
603 12
604 12
605 12
606 12
607 11
608 12
609 12
610 12
611 12
101 0
102 1
103 1
104 1
105 0
106 1
107 1
108 1
620 13
621 14
622 14
623 14
624 14
109 0
110 1
111 1
112 1
113 0
114 1
115 1
116 1
625 13
626 14
627 14
628 14
629 14
117 0
118 1
119 1
120 1
630 13
631 14
632 14
633 14
634 14
121 0
122 1
123 1
124 1
635 13
636 14
637 14
638 14
639 14
125 0
126 1
127 1
128 1
640 13
641 14
642 14
643 14
644 14
129 0
130 0
131 0
132 0
133 0
134 0
135 0
136 0
137 0
138 1
139 1
140 1
141 1
142 1
143 1
144 1
145 1
645 13
646 14
647 14
648 14
649 14
650 13
651 14
652 14
653 14
654 14
655 13
656 14
657 14
658 14
659 14
692 15
693 15
694 15
695 15
696 15
697 15
698 15
699 15
700 15
701 15
702 15
703 15
704 15
705 15
706 15
707 15
708 15
709 15
710 15
711 15
712 15
713 15
714 15
715 15
716 15
717 15
718 15
719 15
720 15
721 15
722 15
723 15
724 16
725 16
726 16
727 16
728 16
729 16
730 16
731 16
732 16
733 16
734 16
735 16
736 16
737 16
738 16
739 16
740 16
741 16
742 16
743 16
744 16
745 16
746 16
747 16
748 16
749 16
750 16
751 16
752 16
753 16
754 16
755 16
250 2
251 2
252 2
253 2
254 2
255 2
256 2
257 2
258 2
259 2
260 2
261 2
262 2
263 2
264 2
265 2
266 2
267 2
268 2
269 2
270 2
271 2
272 2
273 2
274 2
275 2
276 2
277 2
278 2
279 2
280 2
281 2
282 2
283 2
284 2
285 2
286 2
287 2
288 2
289 2
290 3
291 4
292 4
293 3
294 4
295 4
296 3
297 4
298 4
299 3
300 4
301 4
302 3
303 4
304 4
305 3
306 4
307 4
308 3
309 4
310 4
311 3
312 4
313 4
314 3
315 3
316 3
317 3
318 3
319 3
320 3
321 3
338 5
339 5
340 5
341 5
342 5
343 5
344 5
345 5
346 6
347 6
348 6
349 6
350 6
351 6
352 6
353 6
354 7
355 8
356 8
357 8
358 8
359 8
360 8
361 8
362 8
363 8
364 8
365 8
366 8
367 7
368 8
369 8
370 8
371 8
372 8
373 8
374 8
375 8
376 8
377 8
378 8
379 8
584 9
380 7
381 8
382 8
383 8
384 8
385 8
386 8
387 8
388 8
389 8
390 8
391 8
392 8
393 7
394 8
395 8
396 8
397 8
398 8
399 8
400 8
401 8
402 8
403 8
404 8
405 8
588 9
406 7
407 8
408 8
409 8
410 8
411 8
412 8
413 8
414 8
415 8
416 8
417 8
418 8
419 7
420 8
421 8
422 8
423 8
424 8
425 8
426 8
427 8
428 8
429 8
430 8
431 8
592 9
432 7
433 8
434 8
435 8
436 8
437 8
438 8
439 8
440 8
441 8
442 8
443 8
444 8
596 10
445 7
446 8
447 8
448 8
449 8
450 8
451 8
452 8
453 8
454 8
455 8
456 8
457 8
600 10
