c499_synV1_v
#PI: 41
#PO: 32
#Nodes: 1236
#Gates: 531
0 0
1 0
2 0
3 0
4 0
5 0
6 0
7 0
8 0
9 0
10 0
11 0
12 0
13 0
14 0
15 0
16 0
17 0
18 0
19 0
20 0
21 0
22 0
23 0
24 0
25 0
26 0
27 0
28 0
29 0
30 0
31 0
32 0
33 0
34 0
35 0
36 0
37 0
38 0
39 0
40 0
41 1
42 1
43 1
44 1
45 1
46 1
47 1
48 1
49 1
50 1
51 1
52 1
53 1
54 1
55 1
56 1
57 1
58 1
59 1
60 1
61 1
62 1
63 1
64 1
65 1
66 1
67 1
68 1
69 1
70 1
71 1
72 1
73 1
74 1
75 1
76 1
77 1
78 1
79 1
80 1
81 1
82 1
83 1
84 1
85 1
86 1
87 1
88 1
89 1
90 1
91 1
92 1
93 1
94 1
95 1
96 1
97 1
98 1
99 1
100 1
101 1
102 1
103 1
104 1
105 1
106 1
107 1
108 1
109 1
110 1
111 1
112 1
113 1
114 1
115 1
116 1
117 1
118 1
119 1
120 1
121 1
122 1
123 1
124 1
125 1
126 1
127 1
128 1
129 1
130 1
131 1
132 1
133 1
134 1
135 1
136 1
137 1
138 1
139 1
140 1
141 1
142 1
143 1
144 1
145 1
146 1
147 1
148 1
149 1
150 1
151 1
152 1
153 1
154 1
155 1
156 1
157 1
158 1
159 1
160 1
161 1
162 1
163 1
164 1
165 1
166 1
167 1
168 1
169 1
170 1
171 1
172 1
173 1
174 1
175 1
176 1
177 1
178 1
179 1
180 1
181 1
182 1
183 1
184 1
185 1
186 1
187 1
188 1
189 1
190 1
191 1
192 1
193 1
194 1
195 1
196 1
197 1
198 1
199 1
200 1
201 1
202 1
203 1
204 1
205 1
206 1
207 1
208 1
209 1
210 1
211 1
212 1
213 1
214 1
215 1
216 1
217 1
218 1
219 1
220 1
221 1
222 1
223 1
224 1
225 2
226 2
227 2
228 2
229 2
230 2
231 2
232 2
233 2
234 2
235 2
236 2
237 2
238 2
239 2
240 2
241 2
242 2
243 2
244 2
245 2
246 2
247 2
248 2
249 2
250 2
251 2
252 2
253 2
254 2
255 2
256 2
257 2
258 2
259 2
260 2
261 2
262 2
263 3
264 3
265 3
266 3
267 3
268 3
269 3
270 3
271 3
272 3
273 3
274 3
275 3
276 3
277 3
278 3
279 3
280 3
281 3
282 3
283 3
284 3
285 3
286 3
287 3
288 3
289 3
290 3
291 3
292 3
293 3
294 3
295 3
296 3
297 3
298 3
299 3
300 3
301 3
302 3
303 3
304 3
305 3
306 3
307 3
308 3
309 3
310 3
311 3
312 3
313 3
314 3
315 3
316 3
317 3
318 3
319 3
320 3
321 3
322 3
323 3
324 3
325 3
326 3
327 3
328 3
329 3
330 3
331 3
332 3
333 3
334 3
335 3
336 3
337 3
338 3
339 3
340 3
341 3
342 3
343 3
344 3
345 3
346 3
347 3
348 3
349 3
350 3
351 3
352 3
353 3
354 3
355 3
356 3
357 3
358 3
359 3
360 3
361 3
362 3
363 3
364 3
365 3
366 3
367 3
368 3
369 3
370 3
371 3
372 3
373 3
374 3
375 4
376 4
377 4
378 4
379 4
380 4
381 4
382 4
383 4
384 4
385 4
386 4
387 4
388 4
389 4
390 4
391 4
392 4
393 4
394 4
395 4
396 4
397 4
398 4
399 4
400 4
401 4
402 4
403 4
404 4
405 4
406 4
407 4
408 4
409 4
410 4
411 4
412 4
413 4
414 4
415 4
416 4
417 4
418 4
419 4
420 4
421 4
422 4
423 4
424 4
425 4
426 4
427 4
428 4
429 4
430 4
431 4
432 4
433 4
434 4
435 4
436 4
437 4
438 4
439 4
440 4
441 4
442 4
443 4
444 4
445 4
446 4
447 4
448 4
449 4
450 4
451 4
452 4
453 4
454 4
455 4
456 4
457 5
458 5
459 5
460 5
461 5
462 5
463 5
464 5
465 5
466 5
467 5
468 5
469 5
470 5
471 5
472 5
473 5
474 5
475 5
476 5
477 5
478 5
479 5
480 5
481 5
482 5
483 5
484 5
485 5
486 5
487 5
488 5
489 5
490 5
491 5
492 5
493 5
494 5
495 5
496 5
497 5
498 5
499 5
500 5
501 5
502 5
503 6
504 6
505 6
506 6
507 6
508 6
509 6
510 6
511 6
512 6
513 6
514 6
515 6
516 6
517 6
518 6
519 6
520 6
521 6
522 6
523 6
524 6
525 6
526 6
527 6
528 6
529 6
530 6
531 6
532 6
533 6
534 6
535 6
536 6
537 6
538 6
539 6
540 6
541 6
542 6
543 6
544 6
545 6
546 6
547 6
548 6
549 6
550 6
551 6
552 6
553 6
554 6
555 6
556 6
557 6
558 6
559 6
560 6
561 6
562 7
563 7
564 7
565 7
566 7
567 7
568 7
569 7
570 7
571 7
572 7
573 7
574 7
575 7
576 7
577 7
578 7
579 7
580 7
581 7
582 7
583 7
584 7
585 7
586 7
587 7
588 7
589 7
590 7
591 7
592 7
593 8
594 8
595 8
596 8
597 8
598 8
599 8
600 8
601 8
602 8
603 8
604 8
605 8
606 8
607 8
608 8
609 8
610 8
611 8
612 8
613 8
614 8
615 8
616 8
617 8
618 8
619 8
620 8
621 8
622 8
623 8
624 8
625 8
626 8
627 8
628 8
629 8
630 8
631 8
632 8
633 8
634 9
635 9
636 9
637 9
638 9
639 9
640 9
641 9
642 9
643 9
644 9
645 9
646 9
647 9
648 9
649 9
650 9
651 9
652 9
653 9
654 9
655 9
656 9
657 9
658 9
659 9
660 9
661 9
662 9
663 9
664 9
665 9
666 9
667 9
668 9
669 9
670 9
671 9
672 9
673 9
674 10
675 10
676 10
677 10
678 10
679 10
680 10
681 10
682 10
683 10
684 10
685 10
686 10
687 10
688 10
689 10
690 10
691 10
692 10
693 10
694 10
695 10
696 10
697 10
698 10
699 10
700 11
701 11
702 11
703 11
704 11
705 11
706 11
707 11
708 11
709 11
710 11
711 11
712 11
713 11
714 11
715 11
716 11
717 11
718 11
719 11
720 11
721 11
722 11
723 11
724 11
725 11
726 11
727 11
728 12
729 12
730 12
731 12
732 12
733 12
734 12
735 12
736 12
737 12
738 12
739 12
740 12
741 12
742 12
743 12
744 12
745 12
746 12
747 12
748 12
749 12
750 12
751 13
752 13
753 13
754 13
755 13
756 13
757 13
758 13
759 13
760 13
761 13
762 13
763 13
764 13
765 13
766 13
767 13
768 13
769 13
770 13
771 14
772 14
773 14
774 14
775 14
776 14
777 14
778 14
779 14
780 14
781 14
782 14
783 14
784 14
785 14
786 14
787 14
788 14
789 15
790 15
791 15
792 15
793 15
794 15
795 15
796 15
797 15
798 15
799 15
800 16
801 16
802 16
803 16
804 16
805 16
806 16
807 16
808 16
809 16
810 16
811 16
812 16
813 17
814 17
815 17
816 17
817 17
818 17
819 17
820 17
821 17
822 17
823 17
824 17
825 17
826 17
827 17
828 17
829 17
830 17
831 18
832 18
833 18
834 18
835 18
836 18
837 18
838 18
839 18
840 18
841 18
842 18
843 18
844 19
845 19
846 19
847 19
848 19
849 19
850 19
851 19
852 19
853 19
854 19
855 19
856 19
857 19
858 19
859 19
860 19
861 19
862 19
863 19
864 19
865 19
866 19
867 19
868 19
869 19
870 19
871 19
872 19
873 19
874 19
875 19
876 19
877 19
878 19
879 19
880 20
881 20
882 20
883 20
884 20
885 20
886 20
887 20
888 20
889 20
890 20
891 20
892 20
893 20
894 20
895 20
896 20
897 20
898 20
899 21
900 21
901 21
902 21
903 21
904 21
905 21
906 21
907 21
908 21
909 21
910 21
911 21
912 21
913 21
914 21
915 21
916 21
917 21
918 21
919 21
920 22
921 22
922 22
923 22
924 22
925 22
926 22
927 22
928 22
929 22
930 22
931 22
932 22
933 22
934 22
935 22
936 22
937 23
938 23
939 23
940 23
941 23
942 24
943 24
944 24
945 24
946 24
947 24
948 24
949 24
950 24
951 24
952 24
953 24
954 24
955 24
956 24
957 24
958 24
959 24
960 24
961 24
962 25
963 25
964 25
965 25
966 25
967 25
968 26
969 26
970 26
971 26
972 26
973 26
974 27
975 27
976 27
977 27
978 28
979 28
980 29
981 29
982 29
983 29
984 30
985 30
986 30
987 30
988 31
989 31
990 31
991 31
992 31
993 31
994 32
995 32
996 32
997 32
998 32
999 32
1000 32
1001 32
1002 32
1003 33
1004 33
1005 33
1006 33
1007 33
1008 33
1009 33
1010 33
1011 33
1012 33
1013 33
1014 33
1015 33
1016 33
1017 33
1018 33
1019 33
1020 33
1021 33
1022 34
1023 34
1024 34
1025 34
1026 34
1027 34
1028 34
1029 34
1030 34
1031 34
1032 34
1033 34
1034 34
1035 34
1036 34
1037 34
1038 34
1039 34
1040 34
1041 34
1042 34
1043 34
1044 34
1045 35
1046 35
1047 35
1048 35
1049 35
1050 35
1051 35
1052 35
1053 35
1054 35
1055 35
1056 35
1057 35
1058 35
1059 35
1060 35
1061 35
1062 35
1063 35
1064 35
1065 35
1066 35
1067 35
1068 35
1069 35
1070 35
1071 35
1072 35
1073 35
1074 35
1075 35
1076 35
1077 35
1078 35
1079 35
1080 35
1081 35
1082 35
1083 36
1084 36
1085 36
1086 36
1087 36
1088 36
1089 36
1090 36
1091 36
1092 36
1093 36
1094 36
1095 36
1096 36
1097 36
1098 36
1099 36
1100 36
1101 36
1102 36
1103 36
1104 36
1105 36
1106 36
1107 36
1108 36
1109 36
1110 36
1111 36
1112 36
1113 36
1114 36
1115 36
1116 36
1117 36
1118 36
1119 36
1120 36
1121 37
1122 37
1123 37
1124 37
1125 37
1126 37
1127 37
1128 37
1129 37
1130 37
1131 37
1132 37
1133 37
1134 37
1135 37
1136 37
1137 37
1138 37
1139 37
1140 37
1141 37
1142 37
1143 37
1144 37
1145 37
1146 37
1147 38
1148 38
1149 38
1150 38
1151 38
1152 38
1153 38
1154 38
1155 38
1156 38
1157 38
1158 38
1159 38
1160 38
1161 38
1162 38
1163 38
1164 38
1165 38
1166 38
1167 38
1168 39
1169 39
1170 39
1171 39
1172 39
1173 39
1174 39
1175 39
1176 39
1177 39
1178 39
1179 39
1180 39
1181 39
1182 39
1183 39
1184 39
1185 39
1186 39
1187 39
1188 40
1189 40
1190 40
1191 40
1192 40
1193 40
1194 40
1195 40
1196 40
1197 40
1198 40
1199 40
1200 40
1201 40
1202 40
1203 40
1204 41
1205 41
1206 41
1207 41
1208 41
1209 41
1210 41
1211 41
1212 41
1213 41
1214 41
1215 41
1216 41
1217 41
1218 41
1219 41
1220 42
1221 42
1222 42
1223 42
1224 42
1225 42
1226 42
1227 42
1228 42
1229 42
1230 42
1231 42
1232 43
1233 43
1234 43
1235 43
