c6288
#PI: 32
#PO: 32
#Nodes: 6288
#Gates: 2416
1 0
2 1
3 1
4 1
5 1
6 1
7 1
8 1
9 1
10 1
11 1
12 1
13 1
14 1
15 1
16 1
17 1
18 0
19 1
20 1
21 1
22 1
23 1
24 1
25 1
26 1
27 1
28 1
29 1
30 1
31 1
32 1
33 1
34 1
35 0
36 1
37 1
38 1
39 1
40 1
41 1
42 1
43 1
44 1
45 1
46 1
47 1
48 1
49 1
50 1
51 1
52 0
53 1
54 1
55 1
56 1
57 1
58 1
59 1
60 1
61 1
62 1
63 1
64 1
65 1
66 1
67 1
68 1
69 0
70 1
71 1
72 1
73 1
74 1
75 1
76 1
77 1
78 1
79 1
80 1
81 1
82 1
83 1
84 1
85 1
86 0
87 1
88 1
89 1
90 1
91 1
92 1
93 1
94 1
95 1
96 1
97 1
98 1
99 1
100 1
101 1
102 1
103 0
104 1
105 1
106 1
107 1
108 1
109 1
110 1
111 1
112 1
113 1
114 1
115 1
116 1
117 1
118 1
119 1
120 0
121 1
122 1
123 1
124 1
125 1
126 1
127 1
128 1
129 1
130 1
131 1
132 1
133 1
134 1
135 1
136 1
137 0
138 1
139 1
140 1
141 1
142 1
143 1
144 1
145 1
146 1
147 1
148 1
149 1
150 1
151 1
152 1
153 1
154 0
155 1
156 1
157 1
158 1
159 1
160 1
161 1
162 1
163 1
164 1
165 1
166 1
167 1
168 1
169 1
170 1
171 0
172 1
173 1
174 1
175 1
176 1
177 1
178 1
179 1
180 1
181 1
182 1
183 1
184 1
185 1
186 1
187 1
188 0
189 1
190 1
191 1
192 1
193 1
194 1
195 1
196 1
197 1
198 1
199 1
200 1
201 1
202 1
203 1
204 1
205 0
206 1
207 1
208 1
209 1
210 1
211 1
212 1
213 1
214 1
215 1
216 1
217 1
218 1
219 1
220 1
221 1
222 0
223 1
224 1
225 1
226 1
227 1
228 1
229 1
230 1
231 1
232 1
233 1
234 1
235 1
236 1
237 1
238 1
239 0
240 1
241 1
242 1
243 1
244 1
245 1
246 1
247 1
248 1
249 1
250 1
251 1
252 1
253 1
254 1
255 1
256 0
257 1
258 1
259 1
260 1
261 1
262 1
263 1
264 1
265 1
266 1
267 1
268 1
269 1
270 1
271 1
272 1
273 0
274 1
275 1
276 1
277 1
278 1
279 1
280 1
281 1
282 1
283 1
284 1
285 1
286 1
287 1
288 1
289 1
290 0
291 1
292 1
293 1
294 1
295 1
296 1
297 1
298 1
299 1
300 1
301 1
302 1
303 1
304 1
305 1
306 1
307 0
308 1
309 1
310 1
311 1
312 1
313 1
314 1
315 1
316 1
317 1
318 1
319 1
320 1
321 1
322 1
323 1
324 0
325 1
326 1
327 1
328 1
329 1
330 1
331 1
332 1
333 1
334 1
335 1
336 1
337 1
338 1
339 1
340 1
341 0
342 1
343 1
344 1
345 1
346 1
347 1
348 1
349 1
350 1
351 1
352 1
353 1
354 1
355 1
356 1
357 1
358 0
359 1
360 1
361 1
362 1
363 1
364 1
365 1
366 1
367 1
368 1
369 1
370 1
371 1
372 1
373 1
374 1
375 0
376 1
377 1
378 1
379 1
380 1
381 1
382 1
383 1
384 1
385 1
386 1
387 1
388 1
389 1
390 1
391 1
392 0
393 1
394 1
395 1
396 1
397 1
398 1
399 1
400 1
401 1
402 1
403 1
404 1
405 1
406 1
407 1
408 1
409 0
410 1
411 1
412 1
413 1
414 1
415 1
416 1
417 1
418 1
419 1
420 1
421 1
422 1
423 1
424 1
425 1
426 0
427 1
428 1
429 1
430 1
431 1
432 1
433 1
434 1
435 1
436 1
437 1
438 1
439 1
440 1
441 1
442 1
443 0
444 1
445 1
446 1
447 1
448 1
449 1
450 1
451 1
452 1
453 1
454 1
455 1
456 1
457 1
458 1
459 1
460 0
461 1
462 1
463 1
464 1
465 1
466 1
467 1
468 1
469 1
470 1
471 1
472 1
473 1
474 1
475 1
476 1
477 0
478 1
479 1
480 1
481 1
482 1
483 1
484 1
485 1
486 1
487 1
488 1
489 1
490 1
491 1
492 1
493 1
494 0
495 1
496 1
497 1
498 1
499 1
500 1
501 1
502 1
503 1
504 1
505 1
506 1
507 1
508 1
509 1
510 1
511 0
512 1
513 1
514 1
515 1
516 1
517 1
518 1
519 1
520 1
521 1
522 1
523 1
524 1
525 1
526 1
527 1
528 0
529 1
530 1
531 1
532 1
533 1
534 1
535 1
536 1
537 1
538 1
539 1
540 1
541 1
542 1
543 1
544 1
545 2
546 2
547 3
548 3
549 2
550 3
551 3
552 2
553 3
554 3
555 2
556 3
557 3
558 2
559 3
560 3
561 2
562 3
563 3
564 2
565 3
566 3
567 2
568 3
569 3
570 2
571 3
572 3
573 2
574 3
575 3
576 2
577 3
578 3
579 2
580 3
581 3
582 2
583 3
584 3
585 2
586 3
587 3
588 2
589 3
590 3
591 2
592 3
593 3
594 2
595 3
596 3
597 2
598 3
599 3
600 2
601 3
602 3
603 2
604 3
605 3
606 2
607 3
608 3
609 2
610 3
611 3
612 2
613 3
614 3
615 2
616 3
617 3
618 2
619 3
620 3
621 2
622 3
623 3
624 2
625 3
626 3
627 2
628 3
629 3
630 2
631 3
632 3
633 2
634 3
635 3
636 2
637 3
638 3
639 2
640 3
641 3
642 2
643 3
644 3
645 2
646 3
647 3
648 2
649 3
650 3
651 2
652 3
653 3
654 2
655 3
656 3
657 2
658 3
659 3
660 2
661 3
662 3
663 2
664 3
665 3
666 2
667 3
668 3
669 2
670 3
671 3
672 2
673 3
674 3
675 2
676 3
677 3
678 2
679 3
680 3
681 2
682 3
683 3
684 2
685 3
686 3
687 2
688 3
689 3
690 2
691 3
692 3
693 2
694 3
695 3
696 2
697 3
698 3
699 2
700 3
701 3
702 2
703 3
704 3
705 2
706 3
707 3
708 2
709 3
710 3
711 2
712 3
713 3
714 2
715 3
716 3
717 2
718 3
719 3
720 2
721 3
722 3
723 2
724 3
725 3
726 2
727 3
728 3
729 2
730 3
731 3
732 2
733 3
734 3
735 2
736 3
737 3
738 2
739 3
740 3
741 2
742 3
743 3
744 2
745 3
746 3
747 2
748 3
749 3
750 2
751 3
752 3
753 2
754 3
755 3
756 2
757 3
758 3
759 2
760 3
761 3
762 2
763 3
764 3
765 2
766 3
767 3
768 2
769 3
770 3
771 2
772 3
773 3
774 2
775 3
776 3
777 2
778 3
779 3
780 2
781 3
782 3
783 2
784 3
785 3
786 2
787 3
788 3
789 2
790 3
791 3
792 2
793 3
794 3
795 2
796 3
797 3
798 2
799 3
800 3
801 2
802 3
803 3
804 2
805 3
806 3
807 2
808 3
809 3
810 2
811 3
812 3
813 2
814 3
815 3
816 2
817 3
818 3
819 2
820 3
821 3
822 2
823 3
824 3
825 2
826 3
827 3
828 2
829 3
830 3
831 2
832 3
833 3
834 2
835 3
836 3
837 2
838 3
839 3
840 2
841 3
842 3
843 2
844 3
845 3
846 2
847 3
848 3
849 2
850 3
851 3
852 2
853 3
854 3
855 2
856 3
857 3
858 2
859 3
860 3
861 2
862 3
863 3
864 2
865 3
866 3
867 2
868 3
869 3
870 2
871 3
872 3
873 2
874 3
875 3
876 2
877 3
878 3
879 2
880 3
881 3
882 2
883 3
884 3
885 2
886 3
887 3
888 2
889 3
890 3
891 2
892 3
893 3
894 2
895 3
896 3
897 2
898 3
899 3
900 2
901 3
902 3
903 2
904 3
905 3
906 2
907 3
908 3
909 2
910 3
911 3
912 2
913 3
914 3
915 2
916 3
917 3
918 2
919 3
920 3
921 2
922 3
923 3
924 2
925 3
926 3
927 2
928 3
929 3
930 2
931 3
932 3
933 2
934 3
935 3
936 2
937 3
938 3
939 2
940 3
941 3
942 2
943 3
944 3
945 2
946 3
947 3
948 2
949 3
950 3
951 2
952 3
953 3
954 2
955 3
956 3
957 2
958 3
959 3
960 2
961 3
962 3
963 2
964 3
965 3
966 2
967 3
968 3
969 2
970 3
971 3
972 2
973 3
974 3
975 2
976 3
977 3
978 2
979 3
980 3
981 2
982 3
983 3
984 2
985 3
986 3
987 2
988 3
989 3
990 2
991 3
992 3
993 2
994 3
995 3
996 2
997 3
998 3
999 2
1000 3
1001 3
1002 2
1003 3
1004 3
1005 2
1006 3
1007 3
1008 2
1009 3
1010 3
1011 2
1012 3
1013 3
1014 2
1015 3
1016 3
1017 2
1018 3
1019 3
1020 2
1021 3
1022 3
1023 2
1024 3
1025 3
1026 2
1027 3
1028 3
1029 2
1030 3
1031 3
1032 2
1033 3
1034 3
1035 2
1036 3
1037 3
1038 2
1039 3
1040 3
1041 2
1042 3
1043 3
1044 2
1045 3
1046 3
1047 2
1048 3
1049 3
1050 2
1051 3
1052 3
1053 2
1054 3
1055 3
1056 2
1057 3
1058 3
1059 2
1060 3
1061 3
1062 2
1063 3
1064 3
1065 2
1066 3
1067 3
1068 2
1069 3
1070 3
1071 2
1072 3
1073 3
1074 2
1075 3
1076 3
1077 2
1078 3
1079 3
1080 2
1081 3
1082 3
1083 2
1084 3
1085 3
1086 2
1087 3
1088 3
1089 2
1090 3
1091 3
1092 2
1093 3
1094 3
1095 2
1096 3
1097 3
1098 2
1099 3
1100 3
1101 2
1102 3
1103 3
1104 2
1105 3
1106 3
1107 2
1108 3
1109 3
1110 2
1111 3
1112 3
1113 2
1114 3
1115 3
1116 2
1117 3
1118 3
1119 2
1120 3
1121 3
1122 2
1123 3
1124 3
1125 2
1126 3
1127 3
1128 2
1129 3
1130 3
1131 2
1132 3
1133 3
1134 2
1135 3
1136 3
1137 2
1138 3
1139 3
1140 2
1141 3
1142 3
1143 2
1144 3
1145 3
1146 2
1147 3
1148 3
1149 2
1150 3
1151 3
1152 2
1153 3
1154 3
1155 2
1156 3
1157 3
1158 2
1159 3
1160 3
1161 2
1162 3
1163 3
1164 2
1165 3
1166 3
1167 2
1168 3
1169 3
1170 2
1171 3
1172 3
1173 2
1174 3
1175 3
1176 2
1177 3
1178 3
1179 2
1180 3
1181 3
1182 2
1183 3
1184 3
1185 2
1186 3
1187 3
1188 2
1189 3
1190 3
1191 2
1192 3
1193 3
1194 2
1195 3
1196 3
1197 2
1198 3
1199 3
1200 2
1201 3
1202 3
1203 2
1204 3
1205 3
1206 2
1207 3
1208 3
1209 2
1210 3
1211 3
1212 2
1213 3
1214 3
1215 2
1216 3
1217 3
1218 2
1219 3
1220 3
1221 2
1222 3
1223 3
1224 2
1225 3
1226 3
1227 2
1228 3
1229 3
1230 2
1231 3
1232 3
1233 2
1234 3
1235 3
1236 2
1237 3
1238 3
1239 2
1240 3
1241 3
1242 2
1243 3
1244 3
1245 2
1246 3
1247 3
1248 2
1249 3
1250 3
1251 2
1252 3
1253 3
1254 2
1255 3
1256 3
1257 2
1258 3
1259 3
1260 2
1261 3
1262 3
1263 2
1264 3
1265 3
1266 2
1267 3
1268 3
1269 2
1270 3
1271 3
1272 2
1273 3
1274 3
1275 2
1276 3
1277 3
1278 2
1279 3
1280 3
1281 2
1282 3
1283 3
1284 2
1285 3
1286 3
1287 2
1288 3
1289 3
1290 2
1291 3
1292 3
1293 2
1294 3
1295 3
1296 2
1297 3
1298 3
1299 2
1300 3
1301 3
1302 2
1303 3
1304 3
1305 2
1306 3
1307 3
1308 2
1309 3
1310 3
1311 4
1312 5
1313 5
1314 5
1315 4
1316 5
1317 5
1318 5
1319 4
1320 5
1321 5
1322 5
1323 4
1324 5
1325 5
1326 5
1327 4
1328 5
1329 5
1330 5
1331 4
1332 5
1333 5
1334 5
1335 4
1336 5
1337 5
1338 5
1339 4
1340 5
1341 5
1342 5
1343 4
1344 5
1345 5
1346 5
1347 4
1348 5
1349 5
1350 5
1351 4
1352 5
1353 5
1354 5
1355 4
1356 5
1357 5
1358 5
1359 4
1360 5
1361 5
1362 5
1363 4
1364 5
1365 5
1366 5
1367 4
1368 5
1369 5
1370 5
1371 6
1372 6
1373 6
1374 6
1375 6
1376 6
1377 6
1378 6
1379 6
1380 6
1381 6
1382 6
1383 6
1384 6
1385 6
1386 6
1387 6
1388 6
1389 6
1390 6
1391 6
1392 6
1393 6
1394 6
1395 6
1396 6
1397 6
1398 6
1399 6
1400 6
1401 7
1402 8
1403 8
1404 7
1405 8
1406 8
1407 7
1408 8
1409 8
1410 7
1411 8
1412 8
1413 7
1414 8
1415 8
1416 7
1417 8
1418 8
1419 7
1420 8
1421 8
1422 7
1423 8
1424 8
1425 7
1426 8
1427 8
1428 7
1429 8
1430 8
1431 7
1432 8
1433 8
1434 7
1435 8
1436 8
1437 7
1438 8
1439 8
1440 7
1441 8
1442 8
1443 7
1444 8
1445 8
1446 9
1447 10
1448 10
1449 10
1450 9
1451 10
1452 10
1453 10
1454 9
1455 10
1456 10
1457 10
1458 9
1459 10
1460 10
1461 10
1462 9
1463 10
1464 10
1465 10
1466 9
1467 10
1468 10
1469 10
1470 9
1471 10
1472 10
1473 10
1474 9
1475 10
1476 10
1477 10
1478 9
1479 10
1480 10
1481 10
1482 9
1483 10
1484 10
1485 10
1486 9
1487 10
1488 10
1489 10
1490 9
1491 10
1492 10
1493 10
1494 9
1495 10
1496 10
1497 10
1498 9
1499 10
1500 10
1501 10
1502 9
1503 10
1504 10
1505 10
1506 11
1507 11
1508 11
1509 12
1510 12
1511 11
1512 11
1513 11
1514 12
1515 12
1516 11
1517 11
1518 11
1519 12
1520 12
1521 11
1522 11
1523 11
1524 12
1525 12
1526 11
1527 11
1528 11
1529 12
1530 12
1531 11
1532 11
1533 11
1534 12
1535 12
1536 11
1537 11
1538 11
1539 12
1540 12
1541 11
1542 11
1543 11
1544 12
1545 12
1546 11
1547 11
1548 11
1549 12
1550 12
1551 11
1552 11
1553 11
1554 12
1555 12
1556 11
1557 11
1558 11
1559 12
1560 12
1561 11
1562 11
1563 11
1564 12
1565 12
1566 11
1567 11
1568 11
1569 12
1570 12
1571 11
1572 11
1573 11
1574 12
1575 12
1576 11
1577 11
1578 11
1579 12
1580 12
1581 12
1582 12
1583 13
1584 13
1585 12
1586 13
1587 13
1588 12
1589 13
1590 13
1591 12
1592 13
1593 13
1594 12
1595 13
1596 13
1597 12
1598 13
1599 13
1600 12
1601 13
1602 13
1603 12
1604 13
1605 13
1606 12
1607 13
1608 13
1609 12
1610 13
1611 13
1612 12
1613 13
1614 13
1615 12
1616 13
1617 13
1618 12
1619 13
1620 13
1621 12
1622 13
1623 13
1624 13
1625 14
1626 14
1627 14
1628 14
1629 15
1630 15
1631 15
1632 14
1633 15
1634 15
1635 15
1636 14
1637 15
1638 15
1639 15
1640 14
1641 15
1642 15
1643 15
1644 14
1645 15
1646 15
1647 15
1648 14
1649 15
1650 15
1651 15
1652 14
1653 15
1654 15
1655 15
1656 14
1657 15
1658 15
1659 15
1660 14
1661 15
1662 15
1663 15
1664 14
1665 15
1666 15
1667 15
1668 14
1669 15
1670 15
1671 15
1672 14
1673 15
1674 15
1675 15
1676 14
1677 15
1678 15
1679 15
1680 14
1681 15
1682 15
1683 15
1684 15
1685 15
1686 16
1687 16
1688 16
1689 16
1690 16
1691 16
1692 16
1693 16
1694 16
1695 16
1696 16
1697 16
1698 16
1699 16
1700 16
1701 16
1702 16
1703 16
1704 16
1705 16
1706 16
1707 16
1708 16
1709 16
1710 16
1711 16
1712 16
1713 16
1714 16
1715 17
1716 17
1717 17
1718 18
1719 18
1720 17
1721 18
1722 18
1723 17
1724 18
1725 18
1726 17
1727 18
1728 18
1729 17
1730 18
1731 18
1732 17
1733 18
1734 18
1735 17
1736 18
1737 18
1738 17
1739 18
1740 18
1741 17
1742 18
1743 18
1744 17
1745 18
1746 18
1747 17
1748 18
1749 18
1750 17
1751 18
1752 18
1753 17
1754 18
1755 18
1756 17
1757 18
1758 18
1759 18
1760 19
1761 19
1762 19
1763 19
1764 20
1765 20
1766 20
1767 19
1768 20
1769 20
1770 20
1771 19
1772 20
1773 20
1774 20
1775 19
1776 20
1777 20
1778 20
1779 19
1780 20
1781 20
1782 20
1783 19
1784 20
1785 20
1786 20
1787 19
1788 20
1789 20
1790 20
1791 19
1792 20
1793 20
1794 20
1795 19
1796 20
1797 20
1798 20
1799 19
1800 20
1801 20
1802 20
1803 19
1804 20
1805 20
1806 20
1807 19
1808 20
1809 20
1810 20
1811 19
1812 20
1813 20
1814 20
1815 19
1816 20
1817 20
1818 20
1819 20
1820 20
1821 20
1822 21
1823 21
1824 21
1825 21
1826 21
1827 22
1828 22
1829 21
1830 21
1831 21
1832 22
1833 22
1834 21
1835 21
1836 21
1837 22
1838 22
1839 21
1840 21
1841 21
1842 22
1843 22
1844 21
1845 21
1846 21
1847 22
1848 22
1849 21
1850 21
1851 21
1852 22
1853 22
1854 21
1855 21
1856 21
1857 22
1858 22
1859 21
1860 21
1861 21
1862 22
1863 22
1864 21
1865 21
1866 21
1867 22
1868 22
1869 21
1870 21
1871 21
1872 22
1873 22
1874 21
1875 21
1876 21
1877 22
1878 22
1879 21
1880 21
1881 21
1882 22
1883 22
1884 21
1885 21
1886 21
1887 22
1888 22
1889 21
1890 21
1891 21
1892 22
1893 22
1894 21
1895 22
1896 22
1897 22
1898 23
1899 23
1900 23
1901 22
1902 22
1903 23
1904 23
1905 22
1906 23
1907 23
1908 22
1909 23
1910 23
1911 22
1912 23
1913 23
1914 22
1915 23
1916 23
1917 22
1918 23
1919 23
1920 22
1921 23
1922 23
1923 22
1924 23
1925 23
1926 22
1927 23
1928 23
1929 22
1930 23
1931 23
1932 22
1933 23
1934 23
1935 22
1936 23
1937 23
1938 22
1939 23
1940 23
1941 23
1942 24
1943 24
1944 24
1945 24
1946 24
1947 24
1948 25
1949 25
1950 25
1951 24
1952 25
1953 25
1954 25
1955 24
1956 25
1957 25
1958 25
1959 24
1960 25
1961 25
1962 25
1963 24
1964 25
1965 25
1966 25
1967 24
1968 25
1969 25
1970 25
1971 24
1972 25
1973 25
1974 25
1975 24
1976 25
1977 25
1978 25
1979 24
1980 25
1981 25
1982 25
1983 24
1984 25
1985 25
1986 25
1987 24
1988 25
1989 25
1990 25
1991 24
1992 25
1993 25
1994 25
1995 24
1996 25
1997 25
1998 25
1999 25
2000 25
2001 25
2002 26
2003 26
2004 26
2005 26
2006 26
2007 26
2008 26
2009 26
2010 26
2011 26
2012 26
2013 26
2014 26
2015 26
2016 26
2017 26
2018 26
2019 26
2020 26
2021 26
2022 26
2023 26
2024 26
2025 26
2026 26
2027 26
2028 26
2029 26
2030 26
2031 27
2032 27
2033 27
2034 28
2035 28
2036 28
2037 27
2038 28
2039 28
2040 27
2041 28
2042 28
2043 27
2044 28
2045 28
2046 27
2047 28
2048 28
2049 27
2050 28
2051 28
2052 27
2053 28
2054 28
2055 27
2056 28
2057 28
2058 27
2059 28
2060 28
2061 27
2062 28
2063 28
2064 27
2065 28
2066 28
2067 27
2068 28
2069 28
2070 27
2071 28
2072 28
2073 27
2074 28
2075 28
2076 28
2077 29
2078 29
2079 29
2080 29
2081 29
2082 29
2083 30
2084 30
2085 29
2086 30
2087 30
2088 30
2089 29
2090 30
2091 30
2092 30
2093 29
2094 30
2095 30
2096 30
2097 29
2098 30
2099 30
2100 30
2101 29
2102 30
2103 30
2104 30
2105 29
2106 30
2107 30
2108 30
2109 29
2110 30
2111 30
2112 30
2113 29
2114 30
2115 30
2116 30
2117 29
2118 30
2119 30
2120 30
2121 29
2122 30
2123 30
2124 30
2125 29
2126 30
2127 30
2128 30
2129 29
2130 30
2131 30
2132 30
2133 29
2134 30
2135 30
2136 30
2137 30
2138 30
2139 30
2140 31
2141 31
2142 30
2143 31
2144 31
2145 31
2146 32
2147 32
2148 32
2149 31
2150 31
2151 31
2152 32
2153 32
2154 31
2155 31
2156 31
2157 32
2158 32
2159 31
2160 31
2161 31
2162 32
2163 32
2164 31
2165 31
2166 31
2167 32
2168 32
2169 31
2170 31
2171 31
2172 32
2173 32
2174 31
2175 31
2176 31
2177 32
2178 32
2179 31
2180 31
2181 31
2182 32
2183 32
2184 31
2185 31
2186 31
2187 32
2188 32
2189 31
2190 31
2191 31
2192 32
2193 32
2194 31
2195 31
2196 31
2197 32
2198 32
2199 31
2200 31
2201 31
2202 32
2203 32
2204 31
2205 31
2206 31
2207 32
2208 32
2209 31
2210 31
2211 31
2212 32
2213 32
2214 31
2215 32
2216 32
2217 32
2218 33
2219 33
2220 33
2221 33
2222 33
2223 32
2224 32
2225 33
2226 33
2227 32
2228 33
2229 33
2230 32
2231 33
2232 33
2233 32
2234 33
2235 33
2236 32
2237 33
2238 33
2239 32
2240 33
2241 33
2242 32
2243 33
2244 33
2245 32
2246 33
2247 33
2248 32
2249 33
2250 33
2251 32
2252 33
2253 33
2254 32
2255 33
2256 33
2257 32
2258 33
2259 33
2260 33
2261 34
2262 34
2263 34
2264 34
2265 34
2266 34
2267 35
2268 35
2269 34
2270 35
2271 35
2272 35
2273 34
2274 35
2275 35
2276 35
2277 34
2278 35
2279 35
2280 35
2281 34
2282 35
2283 35
2284 35
2285 34
2286 35
2287 35
2288 35
2289 34
2290 35
2291 35
2292 35
2293 34
2294 35
2295 35
2296 35
2297 34
2298 35
2299 35
2300 35
2301 34
2302 35
2303 35
2304 35
2305 34
2306 35
2307 35
2308 35
2309 34
2310 35
2311 35
2312 35
2313 34
2314 35
2315 35
2316 35
2317 35
2318 35
2319 35
2320 36
2321 36
2322 36
2323 37
2324 37
2325 37
2326 36
2327 36
2328 36
2329 36
2330 36
2331 36
2332 36
2333 36
2334 36
2335 36
2336 36
2337 36
2338 36
2339 36
2340 36
2341 36
2342 36
2343 36
2344 36
2345 36
2346 36
2347 36
2348 36
2349 36
2350 36
2351 37
2352 37
2353 37
2354 38
2355 38
2356 38
2357 38
2358 38
2359 38
2360 39
2361 39
2362 37
2363 38
2364 38
2365 37
2366 38
2367 38
2368 37
2369 38
2370 38
2371 37
2372 38
2373 38
2374 37
2375 38
2376 38
2377 37
2378 38
2379 38
2380 37
2381 38
2382 38
2383 37
2384 38
2385 38
2386 37
2387 38
2388 38
2389 37
2390 38
2391 38
2392 37
2393 38
2394 38
2395 37
2396 38
2397 38
2398 38
2399 39
2400 39
2401 39
2402 39
2403 39
2404 39
2405 40
2406 40
2407 39
2408 40
2409 40
2410 40
2411 41
2412 41
2413 41
2414 39
2415 40
2416 40
2417 40
2418 39
2419 40
2420 40
2421 40
2422 39
2423 40
2424 40
2425 40
2426 39
2427 40
2428 40
2429 40
2430 39
2431 40
2432 40
2433 40
2434 39
2435 40
2436 40
2437 40
2438 39
2439 40
2440 40
2441 40
2442 39
2443 40
2444 40
2445 40
2446 39
2447 40
2448 40
2449 40
2450 39
2451 40
2452 40
2453 40
2454 39
2455 40
2456 40
2457 40
2458 39
2459 40
2460 40
2461 40
2462 40
2463 40
2464 40
2465 41
2466 41
2467 40
2468 41
2469 41
2470 41
2471 42
2472 42
2473 42
2474 42
2475 42
2476 41
2477 41
2478 41
2479 42
2480 42
2481 41
2482 41
2483 41
2484 42
2485 42
2486 41
2487 41
2488 41
2489 42
2490 42
2491 41
2492 41
2493 41
2494 42
2495 42
2496 41
2497 41
2498 41
2499 42
2500 42
2501 41
2502 41
2503 41
2504 42
2505 42
2506 41
2507 41
2508 41
2509 42
2510 42
2511 41
2512 41
2513 41
2514 42
2515 42
2516 41
2517 41
2518 41
2519 42
2520 42
2521 41
2522 41
2523 41
2524 42
2525 42
2526 41
2527 41
2528 41
2529 42
2530 42
2531 41
2532 41
2533 41
2534 42
2535 42
2536 41
2537 42
2538 42
2539 42
2540 43
2541 43
2542 43
2543 43
2544 43
2545 43
2546 44
2547 44
2548 42
2549 42
2550 43
2551 43
2552 42
2553 43
2554 43
2555 42
2556 43
2557 43
2558 42
2559 43
2560 43
2561 42
2562 43
2563 43
2564 42
2565 43
2566 43
2567 42
2568 43
2569 43
2570 42
2571 43
2572 43
2573 42
2574 43
2575 43
2576 42
2577 43
2578 43
2579 42
2580 43
2581 43
2582 43
2583 44
2584 44
2585 44
2586 44
2587 44
2588 44
2589 45
2590 45
2591 45
2592 46
2593 46
2594 46
2595 44
2596 45
2597 45
2598 45
2599 44
2600 45
2601 45
2602 45
2603 44
2604 45
2605 45
2606 45
2607 44
2608 45
2609 45
2610 45
2611 44
2612 45
2613 45
2614 45
2615 44
2616 45
2617 45
2618 45
2619 44
2620 45
2621 45
2622 45
2623 44
2624 45
2625 45
2626 45
2627 44
2628 45
2629 45
2630 45
2631 44
2632 45
2633 45
2634 45
2635 44
2636 45
2637 45
2638 45
2639 45
2640 45
2641 45
2642 46
2643 46
2644 46
2645 47
2646 47
2647 47
2648 47
2649 47
2650 47
2651 48
2652 48
2653 46
2654 46
2655 46
2656 46
2657 46
2658 46
2659 46
2660 46
2661 46
2662 46
2663 46
2664 46
2665 46
2666 46
2667 46
2668 46
2669 46
2670 46
2671 46
2672 46
2673 46
2674 46
2675 46
2676 47
2677 47
2678 47
2679 48
2680 48
2681 48
2682 48
2683 48
2684 48
2685 49
2686 49
2687 48
2688 49
2689 49
2690 49
2691 50
2692 50
2693 50
2694 47
2695 48
2696 48
2697 47
2698 48
2699 48
2700 47
2701 48
2702 48
2703 47
2704 48
2705 48
2706 47
2707 48
2708 48
2709 47
2710 48
2711 48
2712 47
2713 48
2714 48
2715 47
2716 48
2717 48
2718 47
2719 48
2720 48
2721 47
2722 48
2723 48
2724 47
2725 48
2726 48
2727 48
2728 49
2729 49
2730 49
2731 49
2732 49
2733 49
2734 50
2735 50
2736 49
2737 50
2738 50
2739 50
2740 51
2741 51
2742 51
2743 51
2744 51
2745 49
2746 50
2747 50
2748 50
2749 49
2750 50
2751 50
2752 50
2753 49
2754 50
2755 50
2756 50
2757 49
2758 50
2759 50
2760 50
2761 49
2762 50
2763 50
2764 50
2765 49
2766 50
2767 50
2768 50
2769 49
2770 50
2771 50
2772 50
2773 49
2774 50
2775 50
2776 50
2777 49
2778 50
2779 50
2780 50
2781 49
2782 50
2783 50
2784 50
2785 49
2786 50
2787 50
2788 50
2789 50
2790 50
2791 50
2792 51
2793 51
2794 50
2795 51
2796 51
2797 51
2798 52
2799 52
2800 52
2801 52
2802 52
2803 52
2804 53
2805 53
2806 51
2807 51
2808 51
2809 52
2810 52
2811 51
2812 51
2813 51
2814 52
2815 52
2816 51
2817 51
2818 51
2819 52
2820 52
2821 51
2822 51
2823 51
2824 52
2825 52
2826 51
2827 51
2828 51
2829 52
2830 52
2831 51
2832 51
2833 51
2834 52
2835 52
2836 51
2837 51
2838 51
2839 52
2840 52
2841 51
2842 51
2843 51
2844 52
2845 52
2846 51
2847 51
2848 51
2849 52
2850 52
2851 51
2852 51
2853 51
2854 52
2855 52
2856 51
2857 51
2858 51
2859 52
2860 52
2861 51
2862 52
2863 52
2864 52
2865 53
2866 53
2867 53
2868 53
2869 53
2870 53
2871 54
2872 54
2873 54
2874 55
2875 55
2876 55
2877 52
2878 52
2879 53
2880 53
2881 52
2882 53
2883 53
2884 52
2885 53
2886 53
2887 52
2888 53
2889 53
2890 52
2891 53
2892 53
2893 52
2894 53
2895 53
2896 52
2897 53
2898 53
2899 52
2900 53
2901 53
2902 52
2903 53
2904 53
2905 52
2906 53
2907 53
2908 53
2909 54
2910 54
2911 54
2912 54
2913 54
2914 54
2915 55
2916 55
2917 55
2918 56
2919 56
2920 56
2921 56
2922 56
2923 56
2924 57
2925 57
2926 54
2927 55
2928 55
2929 55
2930 54
2931 55
2932 55
2933 55
2934 54
2935 55
2936 55
2937 55
2938 54
2939 55
2940 55
2941 55
2942 54
2943 55
2944 55
2945 55
2946 54
2947 55
2948 55
2949 55
2950 54
2951 55
2952 55
2953 55
2954 54
2955 55
2956 55
2957 55
2958 54
2959 55
2960 55
2961 55
2962 54
2963 55
2964 55
2965 55
2966 55
2967 55
2968 55
2969 56
2970 56
2971 56
2972 57
2973 57
2974 57
2975 57
2976 57
2977 57
2978 58
2979 58
2980 57
2981 58
2982 58
2983 58
2984 59
2985 59
2986 59
2987 56
2988 56
2989 56
2990 56
2991 56
2992 56
2993 56
2994 56
2995 56
2996 56
2997 56
2998 56
2999 56
3000 56
3001 56
3002 56
3003 56
3004 56
3005 56
3006 56
3007 56
3008 57
3009 57
3010 57
3011 58
3012 58
3013 58
3014 58
3015 58
3016 58
3017 59
3018 59
3019 58
3020 59
3021 59
3022 59
3023 60
3024 60
3025 60
3026 60
3027 60
3028 57
3029 58
3030 58
3031 57
3032 58
3033 58
3034 57
3035 58
3036 58
3037 57
3038 58
3039 58
3040 57
3041 58
3042 58
3043 57
3044 58
3045 58
3046 57
3047 58
3048 58
3049 57
3050 58
3051 58
3052 57
3053 58
3054 58
3055 57
3056 58
3057 58
3058 58
3059 59
3060 59
3061 59
3062 59
3063 59
3064 59
3065 60
3066 60
3067 59
3068 60
3069 60
3070 60
3071 61
3072 61
3073 61
3074 61
3075 61
3076 61
3077 62
3078 62
3079 59
3080 60
3081 60
3082 60
3083 59
3084 60
3085 60
3086 60
3087 59
3088 60
3089 60
3090 60
3091 59
3092 60
3093 60
3094 60
3095 59
3096 60
3097 60
3098 60
3099 59
3100 60
3101 60
3102 60
3103 59
3104 60
3105 60
3106 60
3107 59
3108 60
3109 60
3110 60
3111 59
3112 60
3113 60
3114 60
3115 59
3116 60
3117 60
3118 60
3119 60
3120 60
3121 60
3122 61
3123 61
3124 60
3125 61
3126 61
3127 61
3128 62
3129 62
3130 62
3131 62
3132 62
3133 62
3134 63
3135 63
3136 63
3137 64
3138 64
3139 64
3140 61
3141 61
3142 61
3143 62
3144 62
3145 61
3146 61
3147 61
3148 62
3149 62
3150 61
3151 61
3152 61
3153 62
3154 62
3155 61
3156 61
3157 61
3158 62
3159 62
3160 61
3161 61
3162 61
3163 62
3164 62
3165 61
3166 61
3167 61
3168 62
3169 62
3170 61
3171 61
3172 61
3173 62
3174 62
3175 61
3176 61
3177 61
3178 62
3179 62
3180 61
3181 61
3182 61
3183 62
3184 62
3185 61
3186 61
3187 61
3188 62
3189 62
3190 61
3191 62
3192 62
3193 62
3194 63
3195 63
3196 63
3197 63
3198 63
3199 63
3200 64
3201 64
3202 64
3203 65
3204 65
3205 65
3206 65
3207 65
3208 65
3209 66
3210 66
3211 62
3212 62
3213 63
3214 63
3215 62
3216 63
3217 63
3218 62
3219 63
3220 63
3221 62
3222 63
3223 63
3224 62
3225 63
3226 63
3227 62
3228 63
3229 63
3230 62
3231 63
3232 63
3233 62
3234 63
3235 63
3236 62
3237 63
3238 63
3239 63
3240 64
3241 64
3242 64
3243 64
3244 64
3245 64
3246 65
3247 65
3248 65
3249 66
3250 66
3251 66
3252 66
3253 66
3254 66
3255 67
3256 67
3257 66
3258 67
3259 67
3260 67
3261 68
3262 68
3263 68
3264 64
3265 65
3266 65
3267 65
3268 64
3269 65
3270 65
3271 65
3272 64
3273 65
3274 65
3275 65
3276 64
3277 65
3278 65
3279 65
3280 64
3281 65
3282 65
3283 65
3284 64
3285 65
3286 65
3287 65
3288 64
3289 65
3290 65
3291 65
3292 64
3293 65
3294 65
3295 65
3296 64
3297 65
3298 65
3299 65
3300 65
3301 65
3302 65
3303 66
3304 66
3305 66
3306 67
3307 67
3308 67
3309 67
3310 67
3311 67
3312 68
3313 68
3314 67
3315 68
3316 68
3317 68
3318 69
3319 69
3320 69
3321 69
3322 69
3323 66
3324 66
3325 66
3326 66
3327 66
3328 66
3329 66
3330 66
3331 66
3332 66
3333 66
3334 66
3335 66
3336 66
3337 66
3338 66
3339 66
3340 66
3341 66
3342 67
3343 67
3344 67
3345 68
3346 68
3347 68
3348 68
3349 68
3350 68
3351 69
3352 69
3353 68
3354 69
3355 69
3356 69
3357 70
3358 70
3359 70
3360 70
3361 70
3362 70
3363 71
3364 71
3365 67
3366 68
3367 68
3368 67
3369 68
3370 68
3371 67
3372 68
3373 68
3374 67
3375 68
3376 68
3377 67
3378 68
3379 68
3380 67
3381 68
3382 68
3383 67
3384 68
3385 68
3386 67
3387 68
3388 68
3389 67
3390 68
3391 68
3392 68
3393 69
3394 69
3395 69
3396 69
3397 69
3398 69
3399 70
3400 70
3401 69
3402 70
3403 70
3404 70
3405 71
3406 71
3407 71
3408 71
3409 71
3410 71
3411 72
3412 72
3413 72
3414 73
3415 73
3416 73
3417 69
3418 70
3419 70
3420 70
3421 69
3422 70
3423 70
3424 70
3425 69
3426 70
3427 70
3428 70
3429 69
3430 70
3431 70
3432 70
3433 69
3434 70
3435 70
3436 70
3437 69
3438 70
3439 70
3440 70
3441 69
3442 70
3443 70
3444 70
3445 69
3446 70
3447 70
3448 70
3449 69
3450 70
3451 70
3452 70
3453 70
3454 70
3455 70
3456 71
3457 71
3458 70
3459 71
3460 71
3461 71
3462 72
3463 72
3464 72
3465 72
3466 72
3467 72
3468 73
3469 73
3470 73
3471 74
3472 74
3473 74
3474 74
3475 74
3476 74
3477 75
3478 75
3479 71
3480 71
3481 71
3482 72
3483 72
3484 71
3485 71
3486 71
3487 72
3488 72
3489 71
3490 71
3491 71
3492 72
3493 72
3494 71
3495 71
3496 71
3497 72
3498 72
3499 71
3500 71
3501 71
3502 72
3503 72
3504 71
3505 71
3506 71
3507 72
3508 72
3509 71
3510 71
3511 71
3512 72
3513 72
3514 71
3515 71
3516 71
3517 72
3518 72
3519 71
3520 71
3521 71
3522 72
3523 72
3524 71
3525 72
3526 72
3527 72
3528 73
3529 73
3530 73
3531 73
3532 73
3533 73
3534 74
3535 74
3536 74
3537 75
3538 75
3539 75
3540 75
3541 75
3542 75
3543 76
3544 76
3545 75
3546 76
3547 76
3548 76
3549 77
3550 77
3551 77
3552 72
3553 72
3554 73
3555 73
3556 72
3557 73
3558 73
3559 72
3560 73
3561 73
3562 72
3563 73
3564 73
3565 72
3566 73
3567 73
3568 72
3569 73
3570 73
3571 72
3572 73
3573 73
3574 72
3575 73
3576 73
3577 73
3578 74
3579 74
3580 74
3581 74
3582 74
3583 74
3584 75
3585 75
3586 75
3587 76
3588 76
3589 76
3590 76
3591 76
3592 76
3593 77
3594 77
3595 76
3596 77
3597 77
3598 77
3599 78
3600 78
3601 78
3602 78
3603 78
3604 74
3605 75
3606 75
3607 75
3608 74
3609 75
3610 75
3611 75
3612 74
3613 75
3614 75
3615 75
3616 74
3617 75
3618 75
3619 75
3620 74
3621 75
3622 75
3623 75
3624 74
3625 75
3626 75
3627 75
3628 74
3629 75
3630 75
3631 75
3632 74
3633 75
3634 75
3635 75
3636 75
3637 75
3638 75
3639 76
3640 76
3641 76
3642 77
3643 77
3644 77
3645 77
3646 77
3647 77
3648 78
3649 78
3650 77
3651 78
3652 78
3653 78
3654 79
3655 79
3656 79
3657 79
3658 79
3659 79
3660 80
3661 80
3662 76
3663 76
3664 76
3665 76
3666 76
3667 76
3668 76
3669 76
3670 76
3671 76
3672 76
3673 76
3674 76
3675 76
3676 76
3677 76
3678 76
3679 77
3680 77
3681 77
3682 78
3683 78
3684 78
3685 78
3686 78
3687 78
3688 79
3689 79
3690 78
3691 79
3692 79
3693 79
3694 80
3695 80
3696 80
3697 80
3698 80
3699 80
3700 81
3701 81
3702 81
3703 82
3704 82
3705 82
3706 77
3707 78
3708 78
3709 77
3710 78
3711 78
3712 77
3713 78
3714 78
3715 77
3716 78
3717 78
3718 77
3719 78
3720 78
3721 77
3722 78
3723 78
3724 77
3725 78
3726 78
3727 77
3728 78
3729 78
3730 78
3731 79
3732 79
3733 79
3734 79
3735 79
3736 79
3737 80
3738 80
3739 79
3740 80
3741 80
3742 80
3743 81
3744 81
3745 81
3746 81
3747 81
3748 81
3749 82
3750 82
3751 82
3752 83
3753 83
3754 83
3755 83
3756 83
3757 83
3758 84
3759 84
3760 79
3761 80
3762 80
3763 80
3764 79
3765 80
3766 80
3767 80
3768 79
3769 80
3770 80
3771 80
3772 79
3773 80
3774 80
3775 80
3776 79
3777 80
3778 80
3779 80
3780 79
3781 80
3782 80
3783 80
3784 79
3785 80
3786 80
3787 80
3788 79
3789 80
3790 80
3791 80
3792 80
3793 80
3794 80
3795 81
3796 81
3797 80
3798 81
3799 81
3800 81
3801 82
3802 82
3803 82
3804 82
3805 82
3806 82
3807 83
3808 83
3809 83
3810 84
3811 84
3812 84
3813 84
3814 84
3815 84
3816 85
3817 85
3818 84
3819 85
3820 85
3821 85
3822 86
3823 86
3824 86
3825 81
3826 81
3827 81
3828 82
3829 82
3830 81
3831 81
3832 81
3833 82
3834 82
3835 81
3836 81
3837 81
3838 82
3839 82
3840 81
3841 81
3842 81
3843 82
3844 82
3845 81
3846 81
3847 81
3848 82
3849 82
3850 81
3851 81
3852 81
3853 82
3854 82
3855 81
3856 81
3857 81
3858 82
3859 82
3860 81
3861 81
3862 81
3863 82
3864 82
3865 81
3866 82
3867 82
3868 82
3869 83
3870 83
3871 83
3872 83
3873 83
3874 83
3875 84
3876 84
3877 84
3878 85
3879 85
3880 85
3881 85
3882 85
3883 85
3884 86
3885 86
3886 85
3887 86
3888 86
3889 86
3890 87
3891 87
3892 87
3893 87
3894 87
3895 82
3896 82
3897 83
3898 83
3899 82
3900 83
3901 83
3902 82
3903 83
3904 83
3905 82
3906 83
3907 83
3908 82
3909 83
3910 83
3911 82
3912 83
3913 83
3914 82
3915 83
3916 83
3917 83
3918 84
3919 84
3920 84
3921 84
3922 84
3923 84
3924 85
3925 85
3926 85
3927 86
3928 86
3929 86
3930 86
3931 86
3932 86
3933 87
3934 87
3935 86
3936 87
3937 87
3938 87
3939 88
3940 88
3941 88
3942 88
3943 88
3944 88
3945 89
3946 89
3947 84
3948 85
3949 85
3950 85
3951 84
3952 85
3953 85
3954 85
3955 84
3956 85
3957 85
3958 85
3959 84
3960 85
3961 85
3962 85
3963 84
3964 85
3965 85
3966 85
3967 84
3968 85
3969 85
3970 85
3971 84
3972 85
3973 85
3974 85
3975 85
3976 85
3977 85
3978 86
3979 86
3980 86
3981 87
3982 87
3983 87
3984 87
3985 87
3986 87
3987 88
3988 88
3989 87
3990 88
3991 88
3992 88
3993 89
3994 89
3995 89
3996 89
3997 89
3998 89
3999 90
4000 90
4001 90
4002 91
4003 91
4004 91
4005 86
4006 86
4007 86
4008 86
4009 86
4010 86
4011 86
4012 86
4013 86
4014 86
4015 86
4016 86
4017 86
4018 86
4019 86
4020 87
4021 87
4022 87
4023 88
4024 88
4025 88
4026 88
4027 88
4028 88
4029 89
4030 89
4031 88
4032 89
4033 89
4034 89
4035 90
4036 90
4037 90
4038 90
4039 90
4040 90
4041 91
4042 91
4043 91
4044 92
4045 92
4046 92
4047 92
4048 92
4049 92
4050 93
4051 93
4052 87
4053 88
4054 88
4055 87
4056 88
4057 88
4058 87
4059 88
4060 88
4061 87
4062 88
4063 88
4064 87
4065 88
4066 88
4067 87
4068 88
4069 88
4070 87
4071 88
4072 88
4073 88
4074 89
4075 89
4076 89
4077 89
4078 89
4079 89
4080 90
4081 90
4082 89
4083 90
4084 90
4085 90
4086 91
4087 91
4088 91
4089 91
4090 91
4091 91
4092 92
4093 92
4094 92
4095 93
4096 93
4097 93
4098 93
4099 93
4100 93
4101 94
4102 94
4103 93
4104 94
4105 94
4106 94
4107 95
4108 95
4109 95
4110 89
4111 90
4112 90
4113 90
4114 89
4115 90
4116 90
4117 90
4118 89
4119 90
4120 90
4121 90
4122 89
4123 90
4124 90
4125 90
4126 89
4127 90
4128 90
4129 90
4130 89
4131 90
4132 90
4133 90
4134 89
4135 90
4136 90
4137 90
4138 90
4139 90
4140 90
4141 91
4142 91
4143 90
4144 91
4145 91
4146 91
4147 92
4148 92
4149 92
4150 92
4151 92
4152 92
4153 93
4154 93
4155 93
4156 94
4157 94
4158 94
4159 94
4160 94
4161 94
4162 95
4163 95
4164 94
4165 95
4166 95
4167 95
4168 96
4169 96
4170 96
4171 96
4172 96
4173 91
4174 91
4175 91
4176 92
4177 92
4178 91
4179 91
4180 91
4181 92
4182 92
4183 91
4184 91
4185 91
4186 92
4187 92
4188 91
4189 91
4190 91
4191 92
4192 92
4193 91
4194 91
4195 91
4196 92
4197 92
4198 91
4199 91
4200 91
4201 92
4202 92
4203 91
4204 91
4205 91
4206 92
4207 92
4208 91
4209 92
4210 92
4211 92
4212 93
4213 93
4214 93
4215 93
4216 93
4217 93
4218 94
4219 94
4220 94
4221 95
4222 95
4223 95
4224 95
4225 95
4226 95
4227 96
4228 96
4229 95
4230 96
4231 96
4232 96
4233 97
4234 97
4235 97
4236 97
4237 97
4238 97
4239 98
4240 98
4241 92
4242 92
4243 93
4244 93
4245 92
4246 93
4247 93
4248 92
4249 93
4250 93
4251 92
4252 93
4253 93
4254 92
4255 93
4256 93
4257 92
4258 93
4259 93
4260 93
4261 94
4262 94
4263 94
4264 94
4265 94
4266 94
4267 95
4268 95
4269 95
4270 96
4271 96
4272 96
4273 96
4274 96
4275 96
4276 97
4277 97
4278 96
4279 97
4280 97
4281 97
4282 98
4283 98
4284 98
4285 98
4286 98
4287 98
4288 99
4289 99
4290 99
4291 100
4292 100
4293 100
4294 94
4295 95
4296 95
4297 95
4298 94
4299 95
4300 95
4301 95
4302 94
4303 95
4304 95
4305 95
4306 94
4307 95
4308 95
4309 95
4310 94
4311 95
4312 95
4313 95
4314 94
4315 95
4316 95
4317 95
4318 95
4319 95
4320 95
4321 96
4322 96
4323 96
4324 97
4325 97
4326 97
4327 97
4328 97
4329 97
4330 98
4331 98
4332 97
4333 98
4334 98
4335 98
4336 99
4337 99
4338 99
4339 99
4340 99
4341 99
4342 100
4343 100
4344 100
4345 101
4346 101
4347 101
4348 101
4349 101
4350 101
4351 102
4352 102
4353 96
4354 96
4355 96
4356 96
4357 96
4358 96
4359 96
4360 96
4361 96
4362 96
4363 96
4364 96
4365 96
4366 97
4367 97
4368 97
4369 98
4370 98
4371 98
4372 98
4373 98
4374 98
4375 99
4376 99
4377 98
4378 99
4379 99
4380 99
4381 100
4382 100
4383 100
4384 100
4385 100
4386 100
4387 101
4388 101
4389 101
4390 102
4391 102
4392 102
4393 102
4394 102
4395 102
4396 103
4397 103
4398 102
4399 103
4400 103
4401 103
4402 104
4403 104
4404 104
4405 97
4406 98
4407 98
4408 97
4409 98
4410 98
4411 97
4412 98
4413 98
4414 97
4415 98
4416 98
4417 97
4418 98
4419 98
4420 97
4421 98
4422 98
4423 98
4424 99
4425 99
4426 99
4427 99
4428 99
4429 99
4430 100
4431 100
4432 99
4433 100
4434 100
4435 100
4436 101
4437 101
4438 101
4439 101
4440 101
4441 101
4442 102
4443 102
4444 102
4445 103
4446 103
4447 103
4448 103
4449 103
4450 103
4451 104
4452 104
4453 103
4454 104
4455 104
4456 104
4457 105
4458 105
4459 105
4460 105
4461 105
4462 99
4463 100
4464 100
4465 100
4466 99
4467 100
4468 100
4469 100
4470 99
4471 100
4472 100
4473 100
4474 99
4475 100
4476 100
4477 100
4478 99
4479 100
4480 100
4481 100
4482 99
4483 100
4484 100
4485 100
4486 100
4487 100
4488 100
4489 101
4490 101
4491 100
4492 101
4493 101
4494 101
4495 102
4496 102
4497 102
4498 102
4499 102
4500 102
4501 103
4502 103
4503 103
4504 104
4505 104
4506 104
4507 104
4508 104
4509 104
4510 105
4511 105
4512 104
4513 105
4514 105
4515 105
4516 106
4517 106
4518 106
4519 106
4520 106
4521 106
4522 107
4523 107
4524 101
4525 101
4526 101
4527 102
4528 102
4529 101
4530 101
4531 101
4532 102
4533 102
4534 101
4535 101
4536 101
4537 102
4538 102
4539 101
4540 101
4541 101
4542 102
4543 102
4544 101
4545 101
4546 101
4547 102
4548 102
4549 101
4550 101
4551 101
4552 102
4553 102
4554 101
4555 102
4556 102
4557 102
4558 103
4559 103
4560 103
4561 103
4562 103
4563 103
4564 104
4565 104
4566 104
4567 105
4568 105
4569 105
4570 105
4571 105
4572 105
4573 106
4574 106
4575 105
4576 106
4577 106
4578 106
4579 107
4580 107
4581 107
4582 107
4583 107
4584 107
4585 108
4586 108
4587 108
4588 109
4589 109
4590 109
4591 102
4592 102
4593 103
4594 103
4595 102
4596 103
4597 103
4598 102
4599 103
4600 103
4601 102
4602 103
4603 103
4604 102
4605 103
4606 103
4607 103
4608 104
4609 104
4610 104
4611 104
4612 104
4613 104
4614 105
4615 105
4616 105
4617 106
4618 106
4619 106
4620 106
4621 106
4622 106
4623 107
4624 107
4625 106
4626 107
4627 107
4628 107
4629 108
4630 108
4631 108
4632 108
4633 108
4634 108
4635 109
4636 109
4637 109
4638 110
4639 110
4640 110
4641 110
4642 110
4643 110
4644 111
4645 111
4646 104
4647 105
4648 105
4649 105
4650 104
4651 105
4652 105
4653 105
4654 104
4655 105
4656 105
4657 105
4658 104
4659 105
4660 105
4661 105
4662 104
4663 105
4664 105
4665 105
4666 105
4667 105
4668 105
4669 106
4670 106
4671 106
4672 107
4673 107
4674 107
4675 107
4676 107
4677 107
4678 108
4679 108
4680 107
4681 108
4682 108
4683 108
4684 109
4685 109
4686 109
4687 109
4688 109
4689 109
4690 110
4691 110
4692 110
4693 111
4694 111
4695 111
4696 111
4697 111
4698 111
4699 112
4700 112
4701 111
4702 112
4703 112
4704 112
4705 113
4706 113
4707 113
4708 106
4709 106
4710 106
4711 106
4712 106
4713 106
4714 106
4715 106
4716 106
4717 106
4718 106
4719 107
4720 107
4721 107
4722 108
4723 108
4724 108
4725 108
4726 108
4727 108
4728 109
4729 109
4730 108
4731 109
4732 109
4733 109
4734 110
4735 110
4736 110
4737 110
4738 110
4739 110
4740 111
4741 111
4742 111
4743 112
4744 112
4745 112
4746 112
4747 112
4748 112
4749 113
4750 113
4751 112
4752 113
4753 113
4754 113
4755 114
4756 114
4757 114
4758 114
4759 114
4760 107
4761 108
4762 108
4763 107
4764 108
4765 108
4766 107
4767 108
4768 108
4769 107
4770 108
4771 108
4772 107
4773 108
4774 108
4775 108
4776 109
4777 109
4778 109
4779 109
4780 109
4781 109
4782 110
4783 110
4784 109
4785 110
4786 110
4787 110
4788 111
4789 111
4790 111
4791 111
4792 111
4793 111
4794 112
4795 112
4796 112
4797 113
4798 113
4799 113
4800 113
4801 113
4802 113
4803 114
4804 114
4805 113
4806 114
4807 114
4808 114
4809 115
4810 115
4811 115
4812 115
4813 115
4814 115
4815 116
4816 116
4817 109
4818 110
4819 110
4820 110
4821 109
4822 110
4823 110
4824 110
4825 109
4826 110
4827 110
4828 110
4829 109
4830 110
4831 110
4832 110
4833 109
4834 110
4835 110
4836 110
4837 110
4838 110
4839 110
4840 111
4841 111
4842 110
4843 111
4844 111
4845 111
4846 112
4847 112
4848 112
4849 112
4850 112
4851 112
4852 113
4853 113
4854 113
4855 114
4856 114
4857 114
4858 114
4859 114
4860 114
4861 115
4862 115
4863 114
4864 115
4865 115
4866 115
4867 116
4868 116
4869 116
4870 116
4871 116
4872 116
4873 117
4874 117
4875 117
4876 118
4877 118
4878 118
4879 111
4880 111
4881 111
4882 112
4883 112
4884 111
4885 111
4886 111
4887 112
4888 112
4889 111
4890 111
4891 111
4892 112
4893 112
4894 111
4895 111
4896 111
4897 112
4898 112
4899 111
4900 111
4901 111
4902 112
4903 112
4904 111
4905 112
4906 112
4907 112
4908 113
4909 113
4910 113
4911 113
4912 113
4913 113
4914 114
4915 114
4916 114
4917 115
4918 115
4919 115
4920 115
4921 115
4922 115
4923 116
4924 116
4925 115
4926 116
4927 116
4928 116
4929 117
4930 117
4931 117
4932 117
4933 117
4934 117
4935 118
4936 118
4937 118
4938 119
4939 119
4940 119
4941 119
4942 119
4943 119
4944 120
4945 120
4946 112
4947 112
4948 113
4949 113
4950 112
4951 113
4952 113
4953 112
4954 113
4955 113
4956 112
4957 113
4958 113
4959 113
4960 114
4961 114
4962 114
4963 114
4964 114
4965 114
4966 115
4967 115
4968 115
4969 116
4970 116
4971 116
4972 116
4973 116
4974 116
4975 117
4976 117
4977 116
4978 117
4979 117
4980 117
4981 118
4982 118
4983 118
4984 118
4985 118
4986 118
4987 119
4988 119
4989 119
4990 120
4991 120
4992 120
4993 120
4994 120
4995 120
4996 121
4997 121
4998 120
4999 121
5000 121
5001 121
5002 122
5003 122
5004 122
5005 114
5006 115
5007 115
5008 115
5009 114
5010 115
5011 115
5012 115
5013 114
5014 115
5015 115
5016 115
5017 114
5018 115
5019 115
5020 115
5021 115
5022 115
5023 115
5024 116
5025 116
5026 116
5027 117
5028 117
5029 117
5030 117
5031 117
5032 117
5033 118
5034 118
5035 117
5036 118
5037 118
5038 118
5039 119
5040 119
5041 119
5042 119
5043 119
5044 119
5045 120
5046 120
5047 120
5048 121
5049 121
5050 121
5051 121
5052 121
5053 121
5054 122
5055 122
5056 121
5057 122
5058 122
5059 122
5060 123
5061 123
5062 123
5063 123
5064 123
5065 116
5066 116
5067 116
5068 116
5069 116
5070 116
5071 116
5072 116
5073 116
5074 117
5075 117
5076 117
5077 118
5078 118
5079 118
5080 118
5081 118
5082 118
5083 119
5084 119
5085 118
5086 119
5087 119
5088 119
5089 120
5090 120
5091 120
5092 120
5093 120
5094 120
5095 121
5096 121
5097 121
5098 122
5099 122
5100 122
5101 122
5102 122
5103 122
5104 123
5105 123
5106 122
5107 123
5108 123
5109 123
5110 124
5111 124
5112 124
5113 124
5114 124
5115 124
5116 125
5117 125
5118 117
5119 118
5120 118
5121 117
5122 118
5123 118
5124 117
5125 118
5126 118
5127 117
5128 118
5129 118
5130 118
5131 119
5132 119
5133 119
5134 119
5135 119
5136 119
5137 120
5138 120
5139 119
5140 120
5141 120
5142 120
5143 121
5144 121
5145 121
5146 121
5147 121
5148 121
5149 122
5150 122
5151 122
5152 123
5153 123
5154 123
5155 123
5156 123
5157 123
5158 124
5159 124
5160 123
5161 124
5162 124
5163 124
5164 125
5165 125
5166 125
5167 125
5168 125
5169 125
5170 126
5171 126
5172 126
5173 127
5174 127
5175 127
5176 119
5177 120
5178 120
5179 120
5180 119
5181 120
5182 120
5183 120
5184 119
5185 120
5186 120
5187 120
5188 119
5189 120
5190 120
5191 120
5192 120
5193 120
5194 120
5195 121
5196 121
5197 120
5198 121
5199 121
5200 121
5201 122
5202 122
5203 122
5204 122
5205 122
5206 122
5207 123
5208 123
5209 123
5210 124
5211 124
5212 124
5213 124
5214 124
5215 124
5216 125
5217 125
5218 124
5219 125
5220 125
5221 125
5222 126
5223 126
5224 126
5225 126
5226 126
5227 126
5228 127
5229 127
5230 127
5231 128
5232 128
5233 128
5234 128
5235 128
5236 128
5237 129
5238 129
5239 121
5240 121
5241 121
5242 122
5243 122
5244 121
5245 121
5246 121
5247 122
5248 122
5249 121
5250 121
5251 121
5252 122
5253 122
5254 121
5255 121
5256 121
5257 122
5258 122
5259 121
5260 122
5261 122
5262 122
5263 123
5264 123
5265 123
5266 123
5267 123
5268 123
5269 124
5270 124
5271 124
5272 125
5273 125
5274 125
5275 125
5276 125
5277 125
5278 126
5279 126
5280 125
5281 126
5282 126
5283 126
5284 127
5285 127
5286 127
5287 127
5288 127
5289 127
5290 128
5291 128
5292 128
5293 129
5294 129
5295 129
5296 129
5297 129
5298 129
5299 130
5300 130
5301 129
5302 130
5303 130
5304 130
5305 131
5306 131
5307 131
5308 122
5309 122
5310 123
5311 123
5312 122
5313 123
5314 123
5315 122
5316 123
5317 123
5318 123
5319 124
5320 124
5321 124
5322 124
5323 124
5324 124
5325 125
5326 125
5327 125
5328 126
5329 126
5330 126
5331 126
5332 126
5333 126
5334 127
5335 127
5336 126
5337 127
5338 127
5339 127
5340 128
5341 128
5342 128
5343 128
5344 128
5345 128
5346 129
5347 129
5348 129
5349 130
5350 130
5351 130
5352 130
5353 130
5354 130
5355 131
5356 131
5357 130
5358 131
5359 131
5360 131
5361 132
5362 132
5363 132
5364 132
5365 132
5366 124
5367 125
5368 125
5369 125
5370 124
5371 125
5372 125
5373 125
5374 124
5375 125
5376 125
5377 125
5378 125
5379 125
5380 125
5381 126
5382 126
5383 126
5384 127
5385 127
5386 127
5387 127
5388 127
5389 127
5390 128
5391 128
5392 127
5393 128
5394 128
5395 128
5396 129
5397 129
5398 129
5399 129
5400 129
5401 129
5402 130
5403 130
5404 130
5405 131
5406 131
5407 131
5408 131
5409 131
5410 131
5411 132
5412 132
5413 131
5414 132
5415 132
5416 132
5417 133
5418 133
5419 133
5420 133
5421 133
5422 133
5423 134
5424 134
5425 126
5426 126
5427 126
5428 126
5429 126
5430 126
5431 126
5432 127
5433 127
5434 127
5435 128
5436 128
5437 128
5438 128
5439 128
5440 128
5441 129
5442 129
5443 128
5444 129
5445 129
5446 129
5447 130
5448 130
5449 130
5450 130
5451 130
5452 130
5453 131
5454 131
5455 131
5456 132
5457 132
5458 132
5459 132
5460 132
5461 132
5462 133
5463 133
5464 132
5465 133
5466 133
5467 133
5468 134
5469 134
5470 134
5471 134
5472 134
5473 134
5474 135
5475 135
5476 135
5477 136
5478 136
5479 136
5480 127
5481 128
5482 128
5483 127
5484 128
5485 128
5486 127
5487 128
5488 128
5489 128
5490 129
5491 129
5492 129
5493 129
5494 129
5495 129
5496 130
5497 130
5498 129
5499 130
5500 130
5501 130
5502 131
5503 131
5504 131
5505 131
5506 131
5507 131
5508 132
5509 132
5510 132
5511 133
5512 133
5513 133
5514 133
5515 133
5516 133
5517 134
5518 134
5519 133
5520 134
5521 134
5522 134
5523 135
5524 135
5525 135
5526 135
5527 135
5528 135
5529 136
5530 136
5531 136
5532 137
5533 137
5534 137
5535 137
5536 137
5537 137
5538 138
5539 138
5540 129
5541 130
5542 130
5543 130
5544 129
5545 130
5546 130
5547 130
5548 129
5549 130
5550 130
5551 130
5552 130
5553 130
5554 130
5555 131
5556 131
5557 130
5558 131
5559 131
5560 131
5561 132
5562 132
5563 132
5564 132
5565 132
5566 132
5567 133
5568 133
5569 133
5570 134
5571 134
5572 134
5573 134
5574 134
5575 134
5576 135
5577 135
5578 134
5579 135
5580 135
5581 135
5582 136
5583 136
5584 136
5585 136
5586 136
5587 136
5588 137
5589 137
5590 137
5591 138
5592 138
5593 138
5594 138
5595 138
5596 138
5597 139
5598 139
5599 138
5600 139
5601 139
5602 139
5603 140
5604 140
5605 140
5606 131
5607 131
5608 131
5609 132
5610 132
5611 131
5612 131
5613 131
5614 132
5615 132
5616 131
5617 131
5618 131
5619 132
5620 132
5621 131
5622 132
5623 132
5624 132
5625 133
5626 133
5627 133
5628 133
5629 133
5630 133
5631 134
5632 134
5633 134
5634 135
5635 135
5636 135
5637 135
5638 135
5639 135
5640 136
5641 136
5642 135
5643 136
5644 136
5645 136
5646 137
5647 137
5648 137
5649 137
5650 137
5651 137
5652 138
5653 138
5654 138
5655 139
5656 139
5657 139
5658 139
5659 139
5660 139
5661 140
5662 140
5663 139
5664 140
5665 140
5666 140
5667 141
5668 141
5669 141
5670 141
5671 141
5672 132
5673 132
5674 133
5675 133
5676 132
5677 133
5678 133
5679 133
5680 134
5681 134
5682 134
5683 134
5684 134
5685 134
5686 135
5687 135
5688 135
5689 136
5690 136
5691 136
5692 136
5693 136
5694 136
5695 137
5696 137
5697 136
5698 137
5699 137
5700 137
5701 138
5702 138
5703 138
5704 138
5705 138
5706 138
5707 139
5708 139
5709 139
5710 140
5711 140
5712 140
5713 140
5714 140
5715 140
5716 141
5717 141
5718 140
5719 141
5720 141
5721 141
5722 142
5723 142
5724 142
5725 142
5726 142
5727 142
5728 143
5729 143
5730 134
5731 135
5732 135
5733 135
5734 134
5735 135
5736 135
5737 135
5738 135
5739 135
5740 135
5741 136
5742 136
5743 136
5744 137
5745 137
5746 137
5747 137
5748 137
5749 137
5750 138
5751 138
5752 137
5753 138
5754 138
5755 138
5756 139
5757 139
5758 139
5759 139
5760 139
5761 139
5762 140
5763 140
5764 140
5765 141
5766 141
5767 141
5768 141
5769 141
5770 141
5771 142
5772 142
5773 141
5774 142
5775 142
5776 142
5777 143
5778 143
5779 143
5780 143
5781 143
5782 143
5783 144
5784 144
5785 136
5786 136
5787 136
5788 136
5789 136
5790 137
5791 137
5792 137
5793 138
5794 138
5795 138
5796 138
5797 138
5798 138
5799 139
5800 139
5801 138
5802 139
5803 139
5804 139
5805 140
5806 140
5807 140
5808 140
5809 140
5810 140
5811 141
5812 141
5813 141
5814 142
5815 142
5816 142
5817 142
5818 142
5819 142
5820 143
5821 143
5822 142
5823 143
5824 143
5825 143
5826 144
5827 144
5828 144
5829 144
5830 144
5831 144
5832 145
5833 145
5834 137
5835 138
5836 138
5837 137
5838 138
5839 138
5840 138
5841 139
5842 139
5843 139
5844 139
5845 139
5846 139
5847 140
5848 140
5849 139
5850 140
5851 140
5852 140
5853 141
5854 141
5855 141
5856 141
5857 141
5858 141
5859 142
5860 142
5861 142
5862 143
5863 143
5864 143
5865 143
5866 143
5867 143
5868 144
5869 144
5870 143
5871 144
5872 144
5873 144
5874 145
5875 145
5876 145
5877 145
5878 145
5879 145
5880 146
5881 146
5882 139
5883 140
5884 140
5885 140
5886 139
5887 140
5888 140
5889 140
5890 140
5891 140
5892 140
5893 141
5894 141
5895 140
5896 141
5897 141
5898 141
5899 142
5900 142
5901 142
5902 142
5903 142
5904 142
5905 143
5906 143
5907 143
5908 144
5909 144
5910 144
5911 144
5912 144
5913 144
5914 145
5915 145
5916 144
5917 145
5918 145
5919 145
5920 146
5921 146
5922 146
5923 146
5924 146
5925 146
5926 147
5927 147
5928 141
5929 141
5930 141
5931 142
5932 142
5933 141
5934 141
5935 141
5936 142
5937 142
5938 141
5939 142
5940 142
5941 142
5942 143
5943 143
5944 143
5945 143
5946 143
5947 143
5948 144
5949 144
5950 144
5951 145
5952 145
5953 145
5954 145
5955 145
5956 145
5957 146
5958 146
5959 145
5960 146
5961 146
5962 146
5963 147
5964 147
5965 147
5966 147
5967 147
5968 147
5969 148
5970 148
5971 142
5972 142
5973 143
5974 143
5975 143
5976 144
5977 144
5978 144
5979 144
5980 144
5981 144
5982 145
5983 145
5984 145
5985 146
5986 146
5987 146
5988 146
5989 146
5990 146
5991 147
5992 147
5993 146
5994 147
5995 147
5996 147
5997 148
5998 148
5999 148
6000 148
6001 148
6002 148
6003 149
6004 149
6005 144
6006 145
6007 145
6008 145
6009 145
6010 145
6011 145
6012 146
6013 146
6014 146
6015 147
6016 147
6017 147
6018 147
6019 147
6020 147
6021 148
6022 148
6023 147
6024 148
6025 148
6026 148
6027 149
6028 149
6029 149
6030 149
6031 149
6032 149
6033 150
6034 150
6035 146
6036 146
6037 146
6038 147
6039 147
6040 147
6041 148
6042 148
6043 148
6044 148
6045 148
6046 148
6047 149
6048 149
6049 148
6050 149
6051 149
6052 149
6053 150
6054 150
6055 150
6056 150
6057 150
6058 150
6059 151
6060 151
6061 147
6062 148
6063 148
6064 148
6065 149
6066 149
6067 149
6068 149
6069 149
6070 149
6071 150
6072 150
6073 149
6074 150
6075 150
6076 150
6077 151
6078 151
6079 151
6080 151
6081 151
6082 151
6083 152
6084 152
6085 149
6086 150
6087 150
6088 150
6089 150
6090 150
6091 150
6092 151
6093 151
6094 150
6095 151
6096 151
6097 151
6098 152
6099 152
6100 152
6101 152
6102 152
6103 152
6104 153
6105 153
6106 151
6107 151
6108 151
6109 152
6110 152
6111 151
6112 152
6113 152
6114 152
6115 153
6116 153
6117 153
6118 153
6119 153
6120 153
6121 154
6122 154
6123 152
6124 153
6125 154
6126 154
6127 154
6128 154
6129 154
6130 154
6131 155
6132 155
6133 155
6134 155
6135 155
6136 156
6137 156
6138 156
6139 157
6140 157
6141 158
6142 159
6143 159
6144 159
6145 160
6146 160
6147 160
6148 161
6149 161
6150 161
6151 162
6152 163
6153 163
6154 163
6155 164
6156 164
6157 164
6158 165
6159 165
6160 165
6161 166
6162 167
6163 167
6164 167
6165 168
6166 168
6167 168
6168 169
6169 169
6170 169
6171 170
6172 171
6173 171
6174 171
6175 172
6176 172
6177 172
6178 173
6179 173
6180 173
6181 174
6182 175
6183 175
6184 175
6185 176
6186 176
6187 176
6188 177
6189 177
6190 177
6191 178
6192 179
6193 179
6194 179
6195 180
6196 180
6197 180
6198 181
6199 181
6200 181
6201 182
6202 183
6203 183
6204 183
6205 184
6206 184
6207 184
6208 185
6209 185
6210 185
6211 186
6212 187
6213 187
6214 187
6215 188
6216 188
6217 188
6218 189
6219 189
6220 189
6221 190
6222 191
6223 191
6224 191
6225 192
6226 192
6227 192
6228 193
6229 193
6230 193
6231 194
6232 195
6233 195
6234 195
6235 196
6236 196
6237 196
6238 197
6239 197
6240 197
6241 198
6242 199
6243 199
6244 199
6245 200
6246 200
6247 200
6248 201
6249 201
6250 201
6251 202
6252 203
6253 203
6254 203
6255 204
6256 204
6257 204
6258 205
6259 205
6260 205
6261 206
6262 207
6263 207
6264 207
6265 208
6266 208
6267 208
6268 209
6269 209
6270 209
6271 210
6272 211
6273 211
6274 211
6275 212
6276 212
6277 212
6278 213
6279 213
6280 213
6281 214
6282 215
6283 215
6284 215
6285 216
6286 216
6287 216
6288 217
